<?xml version="1.0" encoding="UTF-8"?>
<testsuite xmlns:xsi="http://www.w3.org/2001/XMLSchema-instance" xsi:noNamespaceSchemaLocation="https://maven.apache.org/surefire/maven-surefire-plugin/xsd/surefire-test-report.xsd" version="3.0.2" name="com.bupt.smartta.model.TAPplicantTest$AiScoreTests" time="0.011" tests="7" errors="0" skipped="0" failures="0">
  <properties>
[...]
</properties>
  <testcase name="hoursExceedCap" classname="com.bupt.smartta.model.TAPplicantTest$AiScoreTests" time="0.001"/>
  <testcase name="perfectCandidate" classname="com.bupt.smartta.model.TAPplicantTest$AiScoreTests" time="0.001"/>
  <testcase name="scoreRounded" classname="com.bupt.smartta.model.TAPplicantTest$AiScoreTests" time="0.001"/>
  <testcase name="noSkillMatch" classname="com.bupt.smartta.model.TAPplicantTest$AiScoreTests" time="0.0"/>
  <testcase name="nullRequiredSkills" classname="com.bupt.smartta.model.TAPplicantTest$AiScoreTests" time="0.001"/>
  <testcase name="zeroGpa" classname="com.bupt.smartta.model.TAPplicantTest$AiScoreTests" time="0.0"/>
  <testcase name="zeroHours" classname="com.bupt.smartta.model.TAPplicantTest$AiScoreTests" time="0.001"/>
</testsuite>