<?xml version="1.0" encoding="UTF-8"?>
<testsuite xmlns:xsi="http://www.w3.org/2001/XMLSchema-instance" xsi:noNamespaceSchemaLocation="https://maven.apache.org/surefire/maven-surefire-plugin/xsd/surefire-test-report.xsd" version="3.0.2" name="com.bupt.smartta.util.DataStoreTest" time="2.678" tests="34" errors="0" skipped="2" failures="0">
  <properties>
[...]
</properties>
  <testcase name="addPosition_duplicateCode" classname="com.bupt.smartta.util.DataStoreTest" time="0.77">
    <system-out><![CDATA[[JsonFileStore] Restored positions.json from backup
[JsonFileStore] Restored system_logs.json from backup
[JsonFileStore] Restored positions.json from backup
[JsonFileStore] Restored system_logs.json from backup
]]></system-out>
    <system-err><![CDATA[[JsonFileStore] Failed to load positions.json: Unrecognized field "open" (class com.bupt.smartta.model.Position), not marked as ignorable (12 known properties: "requiredSkills", "hoursPerWeek", "filledSlots", "postedBy", "deadline", "name", "description", "code", "totalSlots", "postedAt", "postedByUsername", "status"])
 at [Source: REDACTED (`StreamReadFeature.INCLUDE_SOURCE_IN_LOCATION` disabled); line: 14, column: 16] (through reference chain: java.util.ArrayList[0]->com.bupt.smartta.model.Position["open"])
[JsonFileStore] Also failed to read backup: Unrecognized field "open" (class com.bupt.smartta.model.Position), not marked as ignorable (12 known properties: "requiredSkills", "hoursPerWeek", "filledSlots", "postedBy", "deadline", "name", "description", "code", "totalSlots", "postedAt", "postedByUsername", "status"])
 at [Source: REDACTED (`StreamReadFeature.INCLUDE_SOURCE_IN_LOCATION` disabled); line: 14, column: 16] (through reference chain: java.util.ArrayList[0]->com.bupt.smartta.model.Position["open"])
[JsonFileStore] Failed to load system_logs.json: Unrecognized field "opIcon" (class com.bupt.smartta.model.SystemLog), not marked as ignorable (5 known properties: "detail", "status", "timestamp", "operation", "fileName"])
 at [Source: REDACTED (`StreamReadFeature.INCLUDE_SOURCE_IN_LOCATION` disabled); line: 7, column: 15] (through reference chain: java.util.ArrayList[0]->com.bupt.smartta.model.SystemLog["opIcon"])
[JsonFileStore] Also failed to read backup: Unrecognized field "opIcon" (class com.bupt.smartta.model.SystemLog), not marked as ignorable (5 known properties: "detail", "status", "timestamp", "operation", "fileName"])
 at [Source: REDACTED (`StreamReadFeature.INCLUDE_SOURCE_IN_LOCATION` disabled); line: 7, column: 15] (through reference chain: java.util.ArrayList[0]->com.bupt.smartta.model.SystemLog["opIcon"])
[JsonFileStore] Failed to load positions.json: Unrecognized field "open" (class com.bupt.smartta.model.Position), not marked as ignorable (12 known properties: "requiredSkills", "hoursPerWeek", "filledSlots", "postedBy", "deadline", "name", "description", "code", "totalSlots", "postedAt", "postedByUsername", "status"])
 at [Source: REDACTED (`StreamReadFeature.INCLUDE_SOURCE_IN_LOCATION` disabled); line: 14, column: 16] (through reference chain: java.util.ArrayList[0]->com.bupt.smartta.model.Position["open"])
[JsonFileStore] Also failed to read backup: Unrecognized field "open" (class com.bupt.smartta.model.Position), not marked as ignorable (12 known properties: "requiredSkills", "hoursPerWeek", "filledSlots", "postedBy", "deadline", "name", "description", "code", "totalSlots", "postedAt", "postedByUsername", "status"])
 at [Source: REDACTED (`StreamReadFeature.INCLUDE_SOURCE_IN_LOCATION` disabled); line: 14, column: 16] (through reference chain: java.util.ArrayList[0]->com.bupt.smartta.model.Position["open"])
[JsonFileStore] Failed to load system_logs.json: Unrecognized field "opIcon" (class com.bupt.smartta.model.SystemLog), not marked as ignorable (5 known properties: "detail", "status", "timestamp", "operation", "fileName"])
 at [Source: REDACTED (`StreamReadFeature.INCLUDE_SOURCE_IN_LOCATION` disabled); line: 7, column: 15] (through reference chain: java.util.ArrayList[0]->com.bupt.smartta.model.SystemLog["opIcon"])
[JsonFileStore] Also failed to read backup: Unrecognized field "opIcon" (class com.bupt.smartta.model.SystemLog), not marked as ignorable (5 known properties: "detail", "status", "timestamp", "operation", "fileName"])
 at [Source: REDACTED (`StreamReadFeature.INCLUDE_SOURCE_IN_LOCATION` disabled); line: 7, column: 15] (through reference chain: java.util.ArrayList[0]->com.bupt.smartta.model.SystemLog["opIcon"])
]]></system-err>
  </testcase>
  <testcase name="systemConfig_lazyLoad" classname="com.bupt.smartta.util.DataStoreTest" time="0.099">
    <system-out><![CDATA[[JsonFileStore] Restored positions.json from backup
[JsonFileStore] Restored system_logs.json from backup
[JsonFileStore] Restored positions.json from backup
[JsonFileStore] Restored system_logs.json from backup
]]></system-out>
    <system-err><![CDATA[[JsonFileStore] Failed to load positions.json: Unrecognized field "open" (class com.bupt.smartta.model.Position), not marked as ignorable (12 known properties: "requiredSkills", "hoursPerWeek", "filledSlots", "postedBy", "deadline", "name", "description", "code", "totalSlots", "postedAt", "postedByUsername", "status"])
 at [Source: REDACTED (`StreamReadFeature.INCLUDE_SOURCE_IN_LOCATION` disabled); line: 14, column: 16] (through reference chain: java.util.ArrayList[0]->com.bupt.smartta.model.Position["open"])
[JsonFileStore] Also failed to read backup: Unrecognized field "open" (class com.bupt.smartta.model.Position), not marked as ignorable (12 known properties: "requiredSkills", "hoursPerWeek", "filledSlots", "postedBy", "deadline", "name", "description", "code", "totalSlots", "postedAt", "postedByUsername", "status"])
 at [Source: REDACTED (`StreamReadFeature.INCLUDE_SOURCE_IN_LOCATION` disabled); line: 14, column: 16] (through reference chain: java.util.ArrayList[0]->com.bupt.smartta.model.Position["open"])
[JsonFileStore] Failed to load system_logs.json: Unrecognized field "opIcon" (class com.bupt.smartta.model.SystemLog), not marked as ignorable (5 known properties: "detail", "status", "timestamp", "operation", "fileName"])
 at [Source: REDACTED (`StreamReadFeature.INCLUDE_SOURCE_IN_LOCATION` disabled); line: 7, column: 15] (through reference chain: java.util.ArrayList[0]->com.bupt.smartta.model.SystemLog["opIcon"])
[JsonFileStore] Also failed to read backup: Unrecognized field "opIcon" (class com.bupt.smartta.model.SystemLog), not marked as ignorable (5 known properties: "detail", "status", "timestamp", "operation", "fileName"])
 at [Source: REDACTED (`StreamReadFeature.INCLUDE_SOURCE_IN_LOCATION` disabled); line: 7, column: 15] (through reference chain: java.util.ArrayList[0]->com.bupt.smartta.model.SystemLog["opIcon"])
[JsonFileStore] Failed to load positions.json: Unrecognized field "open" (class com.bupt.smartta.model.Position), not marked as ignorable (12 known properties: "requiredSkills", "hoursPerWeek", "filledSlots", "postedBy", "deadline", "name", "description", "code", "totalSlots", "postedAt", "postedByUsername", "status"])
 at [Source: REDACTED (`StreamReadFeature.INCLUDE_SOURCE_IN_LOCATION` disabled); line: 14, column: 16] (through reference chain: java.util.ArrayList[0]->com.bupt.smartta.model.Position["open"])
[JsonFileStore] Also failed to read backup: Unrecognized field "open" (class com.bupt.smartta.model.Position), not marked as ignorable (12 known properties: "requiredSkills", "hoursPerWeek", "filledSlots", "postedBy", "deadline", "name", "description", "code", "totalSlots", "postedAt", "postedByUsername", "status"])
 at [Source: REDACTED (`StreamReadFeature.INCLUDE_SOURCE_IN_LOCATION` disabled); line: 14, column: 16] (through reference chain: java.util.ArrayList[0]->com.bupt.smartta.model.Position["open"])
[JsonFileStore] Failed to load system_logs.json: Unrecognized field "opIcon" (class com.bupt.smartta.model.SystemLog), not marked as ignorable (5 known properties: "detail", "status", "timestamp", "operation", "fileName"])
 at [Source: REDACTED (`StreamReadFeature.INCLUDE_SOURCE_IN_LOCATION` disabled); line: 7, column: 15] (through reference chain: java.util.ArrayList[0]->com.bupt.smartta.model.SystemLog["opIcon"])
[JsonFileStore] Also failed to read backup: Unrecognized field "opIcon" (class com.bupt.smartta.model.SystemLog), not marked as ignorable (5 known properties: "detail", "status", "timestamp", "operation", "fileName"])
 at [Source: REDACTED (`StreamReadFeature.INCLUDE_SOURCE_IN_LOCATION` disabled); line: 7, column: 15] (through reference chain: java.util.ArrayList[0]->com.bupt.smartta.model.SystemLog["opIcon"])
]]></system-err>
  </testcase>
  <testcase name="saveApplicant_null" classname="com.bupt.smartta.util.DataStoreTest" time="0.055">
    <system-out><![CDATA[[JsonFileStore] Restored positions.json from backup
[JsonFileStore] Restored system_logs.json from backup
[JsonFileStore] Restored positions.json from backup
[JsonFileStore] Restored system_logs.json from backup
]]></system-out>
    <system-err><![CDATA[[JsonFileStore] Failed to load positions.json: Unrecognized field "open" (class com.bupt.smartta.model.Position), not marked as ignorable (12 known properties: "requiredSkills", "hoursPerWeek", "filledSlots", "postedBy", "deadline", "name", "description", "code", "totalSlots", "postedAt", "postedByUsername", "status"])
 at [Source: REDACTED (`StreamReadFeature.INCLUDE_SOURCE_IN_LOCATION` disabled); line: 14, column: 16] (through reference chain: java.util.ArrayList[0]->com.bupt.smartta.model.Position["open"])
[JsonFileStore] Also failed to read backup: Unrecognized field "open" (class com.bupt.smartta.model.Position), not marked as ignorable (12 known properties: "requiredSkills", "hoursPerWeek", "filledSlots", "postedBy", "deadline", "name", "description", "code", "totalSlots", "postedAt", "postedByUsername", "status"])
 at [Source: REDACTED (`StreamReadFeature.INCLUDE_SOURCE_IN_LOCATION` disabled); line: 14, column: 16] (through reference chain: java.util.ArrayList[0]->com.bupt.smartta.model.Position["open"])
[JsonFileStore] Failed to load system_logs.json: Unrecognized field "opIcon" (class com.bupt.smartta.model.SystemLog), not marked as ignorable (5 known properties: "detail", "status", "timestamp", "operation", "fileName"])
 at [Source: REDACTED (`StreamReadFeature.INCLUDE_SOURCE_IN_LOCATION` disabled); line: 7, column: 15] (through reference chain: java.util.ArrayList[0]->com.bupt.smartta.model.SystemLog["opIcon"])
[JsonFileStore] Also failed to read backup: Unrecognized field "opIcon" (class com.bupt.smartta.model.SystemLog), not marked as ignorable (5 known properties: "detail", "status", "timestamp", "operation", "fileName"])
 at [Source: REDACTED (`StreamReadFeature.INCLUDE_SOURCE_IN_LOCATION` disabled); line: 7, column: 15] (through reference chain: java.util.ArrayList[0]->com.bupt.smartta.model.SystemLog["opIcon"])
[JsonFileStore] Failed to load positions.json: Unrecognized field "open" (class com.bupt.smartta.model.Position), not marked as ignorable (12 known properties: "requiredSkills", "hoursPerWeek", "filledSlots", "postedBy", "deadline", "name", "description", "code", "totalSlots", "postedAt", "postedByUsername", "status"])
 at [Source: REDACTED (`StreamReadFeature.INCLUDE_SOURCE_IN_LOCATION` disabled); line: 14, column: 16] (through reference chain: java.util.ArrayList[0]->com.bupt.smartta.model.Position["open"])
[JsonFileStore] Also failed to read backup: Unrecognized field "open" (class com.bupt.smartta.model.Position), not marked as ignorable (12 known properties: "requiredSkills", "hoursPerWeek", "filledSlots", "postedBy", "deadline", "name", "description", "code", "totalSlots", "postedAt", "postedByUsername", "status"])
 at [Source: REDACTED (`StreamReadFeature.INCLUDE_SOURCE_IN_LOCATION` disabled); line: 14, column: 16] (through reference chain: java.util.ArrayList[0]->com.bupt.smartta.model.Position["open"])
[JsonFileStore] Failed to load system_logs.json: Unrecognized field "opIcon" (class com.bupt.smartta.model.SystemLog), not marked as ignorable (5 known properties: "detail", "status", "timestamp", "operation", "fileName"])
 at [Source: REDACTED (`StreamReadFeature.INCLUDE_SOURCE_IN_LOCATION` disabled); line: 7, column: 15] (through reference chain: java.util.ArrayList[0]->com.bupt.smartta.model.SystemLog["opIcon"])
[JsonFileStore] Also failed to read backup: Unrecognized field "opIcon" (class com.bupt.smartta.model.SystemLog), not marked as ignorable (5 known properties: "detail", "status", "timestamp", "operation", "fileName"])
 at [Source: REDACTED (`StreamReadFeature.INCLUDE_SOURCE_IN_LOCATION` disabled); line: 7, column: 15] (through reference chain: java.util.ArrayList[0]->com.bupt.smartta.model.SystemLog["opIcon"])
]]></system-err>
  </testcase>
  <testcase name="getApplicationById" classname="com.bupt.smartta.util.DataStoreTest" time="0.055">
    <system-out><![CDATA[[JsonFileStore] Restored positions.json from backup
[JsonFileStore] Restored system_logs.json from backup
[JsonFileStore] Restored positions.json from backup
[JsonFileStore] Restored system_logs.json from backup
]]></system-out>
    <system-err><![CDATA[[JsonFileStore] Failed to load positions.json: Unrecognized field "open" (class com.bupt.smartta.model.Position), not marked as ignorable (12 known properties: "requiredSkills", "hoursPerWeek", "filledSlots", "postedBy", "deadline", "name", "description", "code", "totalSlots", "postedAt", "postedByUsername", "status"])
 at [Source: REDACTED (`StreamReadFeature.INCLUDE_SOURCE_IN_LOCATION` disabled); line: 14, column: 16] (through reference chain: java.util.ArrayList[0]->com.bupt.smartta.model.Position["open"])
[JsonFileStore] Also failed to read backup: Unrecognized field "open" (class com.bupt.smartta.model.Position), not marked as ignorable (12 known properties: "requiredSkills", "hoursPerWeek", "filledSlots", "postedBy", "deadline", "name", "description", "code", "totalSlots", "postedAt", "postedByUsername", "status"])
 at [Source: REDACTED (`StreamReadFeature.INCLUDE_SOURCE_IN_LOCATION` disabled); line: 14, column: 16] (through reference chain: java.util.ArrayList[0]->com.bupt.smartta.model.Position["open"])
[JsonFileStore] Failed to load system_logs.json: Unrecognized field "opIcon" (class com.bupt.smartta.model.SystemLog), not marked as ignorable (5 known properties: "detail", "status", "timestamp", "operation", "fileName"])
 at [Source: REDACTED (`StreamReadFeature.INCLUDE_SOURCE_IN_LOCATION` disabled); line: 7, column: 15] (through reference chain: java.util.ArrayList[0]->com.bupt.smartta.model.SystemLog["opIcon"])
[JsonFileStore] Also failed to read backup: Unrecognized field "opIcon" (class com.bupt.smartta.model.SystemLog), not marked as ignorable (5 known properties: "detail", "status", "timestamp", "operation", "fileName"])
 at [Source: REDACTED (`StreamReadFeature.INCLUDE_SOURCE_IN_LOCATION` disabled); line: 7, column: 15] (through reference chain: java.util.ArrayList[0]->com.bupt.smartta.model.SystemLog["opIcon"])
[JsonFileStore] Failed to load positions.json: Unrecognized field "open" (class com.bupt.smartta.model.Position), not marked as ignorable (12 known properties: "requiredSkills", "hoursPerWeek", "filledSlots", "postedBy", "deadline", "name", "description", "code", "totalSlots", "postedAt", "postedByUsername", "status"])
 at [Source: REDACTED (`StreamReadFeature.INCLUDE_SOURCE_IN_LOCATION` disabled); line: 14, column: 16] (through reference chain: java.util.ArrayList[0]->com.bupt.smartta.model.Position["open"])
[JsonFileStore] Also failed to read backup: Unrecognized field "open" (class com.bupt.smartta.model.Position), not marked as ignorable (12 known properties: "requiredSkills", "hoursPerWeek", "filledSlots", "postedBy", "deadline", "name", "description", "code", "totalSlots", "postedAt", "postedByUsername", "status"])
 at [Source: REDACTED (`StreamReadFeature.INCLUDE_SOURCE_IN_LOCATION` disabled); line: 14, column: 16] (through reference chain: java.util.ArrayList[0]->com.bupt.smartta.model.Position["open"])
[JsonFileStore] Failed to load system_logs.json: Unrecognized field "opIcon" (class com.bupt.smartta.model.SystemLog), not marked as ignorable (5 known properties: "detail", "status", "timestamp", "operation", "fileName"])
 at [Source: REDACTED (`StreamReadFeature.INCLUDE_SOURCE_IN_LOCATION` disabled); line: 7, column: 15] (through reference chain: java.util.ArrayList[0]->com.bupt.smartta.model.SystemLog["opIcon"])
[JsonFileStore] Also failed to read backup: Unrecognized field "opIcon" (class com.bupt.smartta.model.SystemLog), not marked as ignorable (5 known properties: "detail", "status", "timestamp", "operation", "fileName"])
 at [Source: REDACTED (`StreamReadFeature.INCLUDE_SOURCE_IN_LOCATION` disabled); line: 7, column: 15] (through reference chain: java.util.ArrayList[0]->com.bupt.smartta.model.SystemLog["opIcon"])
]]></system-err>
  </testcase>
  <testcase name="saveUser_null" classname="com.bupt.smartta.util.DataStoreTest" time="0.058">
    <system-out><![CDATA[[JsonFileStore] Restored positions.json from backup
[JsonFileStore] Restored system_logs.json from backup
[JsonFileStore] Restored positions.json from backup
[JsonFileStore] Restored system_logs.json from backup
]]></system-out>
    <system-err><![CDATA[[JsonFileStore] Failed to load positions.json: Unrecognized field "open" (class com.bupt.smartta.model.Position), not marked as ignorable (12 known properties: "requiredSkills", "hoursPerWeek", "filledSlots", "postedBy", "deadline", "name", "description", "code", "totalSlots", "postedAt", "postedByUsername", "status"])
 at [Source: REDACTED (`StreamReadFeature.INCLUDE_SOURCE_IN_LOCATION` disabled); line: 14, column: 16] (through reference chain: java.util.ArrayList[0]->com.bupt.smartta.model.Position["open"])
[JsonFileStore] Also failed to read backup: Unrecognized field "open" (class com.bupt.smartta.model.Position), not marked as ignorable (12 known properties: "requiredSkills", "hoursPerWeek", "filledSlots", "postedBy", "deadline", "name", "description", "code", "totalSlots", "postedAt", "postedByUsername", "status"])
 at [Source: REDACTED (`StreamReadFeature.INCLUDE_SOURCE_IN_LOCATION` disabled); line: 14, column: 16] (through reference chain: java.util.ArrayList[0]->com.bupt.smartta.model.Position["open"])
[JsonFileStore] Failed to load system_logs.json: Unrecognized field "opIcon" (class com.bupt.smartta.model.SystemLog), not marked as ignorable (5 known properties: "detail", "status", "timestamp", "operation", "fileName"])
 at [Source: REDACTED (`StreamReadFeature.INCLUDE_SOURCE_IN_LOCATION` disabled); line: 7, column: 15] (through reference chain: java.util.ArrayList[0]->com.bupt.smartta.model.SystemLog["opIcon"])
[JsonFileStore] Also failed to read backup: Unrecognized field "opIcon" (class com.bupt.smartta.model.SystemLog), not marked as ignorable (5 known properties: "detail", "status", "timestamp", "operation", "fileName"])
 at [Source: REDACTED (`StreamReadFeature.INCLUDE_SOURCE_IN_LOCATION` disabled); line: 7, column: 15] (through reference chain: java.util.ArrayList[0]->com.bupt.smartta.model.SystemLog["opIcon"])
[JsonFileStore] Failed to load positions.json: Unrecognized field "open" (class com.bupt.smartta.model.Position), not marked as ignorable (12 known properties: "requiredSkills", "hoursPerWeek", "filledSlots", "postedBy", "deadline", "name", "description", "code", "totalSlots", "postedAt", "postedByUsername", "status"])
 at [Source: REDACTED (`StreamReadFeature.INCLUDE_SOURCE_IN_LOCATION` disabled); line: 14, column: 16] (through reference chain: java.util.ArrayList[0]->com.bupt.smartta.model.Position["open"])
[JsonFileStore] Also failed to read backup: Unrecognized field "open" (class com.bupt.smartta.model.Position), not marked as ignorable (12 known properties: "requiredSkills", "hoursPerWeek", "filledSlots", "postedBy", "deadline", "name", "description", "code", "totalSlots", "postedAt", "postedByUsername", "status"])
 at [Source: REDACTED (`StreamReadFeature.INCLUDE_SOURCE_IN_LOCATION` disabled); line: 14, column: 16] (through reference chain: java.util.ArrayList[0]->com.bupt.smartta.model.Position["open"])
[JsonFileStore] Failed to load system_logs.json: Unrecognized field "opIcon" (class com.bupt.smartta.model.SystemLog), not marked as ignorable (5 known properties: "detail", "status", "timestamp", "operation", "fileName"])
 at [Source: REDACTED (`StreamReadFeature.INCLUDE_SOURCE_IN_LOCATION` disabled); line: 7, column: 15] (through reference chain: java.util.ArrayList[0]->com.bupt.smartta.model.SystemLog["opIcon"])
[JsonFileStore] Also failed to read backup: Unrecognized field "opIcon" (class com.bupt.smartta.model.SystemLog), not marked as ignorable (5 known properties: "detail", "status", "timestamp", "operation", "fileName"])
 at [Source: REDACTED (`StreamReadFeature.INCLUDE_SOURCE_IN_LOCATION` disabled); line: 7, column: 15] (through reference chain: java.util.ArrayList[0]->com.bupt.smartta.model.SystemLog["opIcon"])
]]></system-err>
  </testcase>
  <testcase name="getPositionByCode_caseInsensitive" classname="com.bupt.smartta.util.DataStoreTest" time="0.051">
    <system-out><![CDATA[[JsonFileStore] Restored positions.json from backup
[JsonFileStore] Restored system_logs.json from backup
[JsonFileStore] Restored positions.json from backup
[JsonFileStore] Restored system_logs.json from backup
]]></system-out>
    <system-err><![CDATA[[JsonFileStore] Failed to load positions.json: Unrecognized field "open" (class com.bupt.smartta.model.Position), not marked as ignorable (12 known properties: "requiredSkills", "hoursPerWeek", "filledSlots", "postedBy", "deadline", "name", "description", "code", "totalSlots", "postedAt", "postedByUsername", "status"])
 at [Source: REDACTED (`StreamReadFeature.INCLUDE_SOURCE_IN_LOCATION` disabled); line: 14, column: 16] (through reference chain: java.util.ArrayList[0]->com.bupt.smartta.model.Position["open"])
[JsonFileStore] Also failed to read backup: Unrecognized field "open" (class com.bupt.smartta.model.Position), not marked as ignorable (12 known properties: "requiredSkills", "hoursPerWeek", "filledSlots", "postedBy", "deadline", "name", "description", "code", "totalSlots", "postedAt", "postedByUsername", "status"])
 at [Source: REDACTED (`StreamReadFeature.INCLUDE_SOURCE_IN_LOCATION` disabled); line: 14, column: 16] (through reference chain: java.util.ArrayList[0]->com.bupt.smartta.model.Position["open"])
[JsonFileStore] Failed to load system_logs.json: Unrecognized field "opIcon" (class com.bupt.smartta.model.SystemLog), not marked as ignorable (5 known properties: "detail", "status", "timestamp", "operation", "fileName"])
 at [Source: REDACTED (`StreamReadFeature.INCLUDE_SOURCE_IN_LOCATION` disabled); line: 7, column: 15] (through reference chain: java.util.ArrayList[0]->com.bupt.smartta.model.SystemLog["opIcon"])
[JsonFileStore] Also failed to read backup: Unrecognized field "opIcon" (class com.bupt.smartta.model.SystemLog), not marked as ignorable (5 known properties: "detail", "status", "timestamp", "operation", "fileName"])
 at [Source: REDACTED (`StreamReadFeature.INCLUDE_SOURCE_IN_LOCATION` disabled); line: 7, column: 15] (through reference chain: java.util.ArrayList[0]->com.bupt.smartta.model.SystemLog["opIcon"])
[JsonFileStore] Failed to load positions.json: Unrecognized field "open" (class com.bupt.smartta.model.Position), not marked as ignorable (12 known properties: "requiredSkills", "hoursPerWeek", "filledSlots", "postedBy", "deadline", "name", "description", "code", "totalSlots", "postedAt", "postedByUsername", "status"])
 at [Source: REDACTED (`StreamReadFeature.INCLUDE_SOURCE_IN_LOCATION` disabled); line: 14, column: 16] (through reference chain: java.util.ArrayList[0]->com.bupt.smartta.model.Position["open"])
[JsonFileStore] Also failed to read backup: Unrecognized field "open" (class com.bupt.smartta.model.Position), not marked as ignorable (12 known properties: "requiredSkills", "hoursPerWeek", "filledSlots", "postedBy", "deadline", "name", "description", "code", "totalSlots", "postedAt", "postedByUsername", "status"])
 at [Source: REDACTED (`StreamReadFeature.INCLUDE_SOURCE_IN_LOCATION` disabled); line: 14, column: 16] (through reference chain: java.util.ArrayList[0]->com.bupt.smartta.model.Position["open"])
[JsonFileStore] Failed to load system_logs.json: Unrecognized field "opIcon" (class com.bupt.smartta.model.SystemLog), not marked as ignorable (5 known properties: "detail", "status", "timestamp", "operation", "fileName"])
 at [Source: REDACTED (`StreamReadFeature.INCLUDE_SOURCE_IN_LOCATION` disabled); line: 7, column: 15] (through reference chain: java.util.ArrayList[0]->com.bupt.smartta.model.SystemLog["opIcon"])
[JsonFileStore] Also failed to read backup: Unrecognized field "opIcon" (class com.bupt.smartta.model.SystemLog), not marked as ignorable (5 known properties: "detail", "status", "timestamp", "operation", "fileName"])
 at [Source: REDACTED (`StreamReadFeature.INCLUDE_SOURCE_IN_LOCATION` disabled); line: 7, column: 15] (through reference chain: java.util.ArrayList[0]->com.bupt.smartta.model.SystemLog["opIcon"])
]]></system-err>
  </testcase>
  <testcase name="markMoTaThreadRead" classname="com.bupt.smartta.util.DataStoreTest" time="0.071">
    <system-out><![CDATA[[JsonFileStore] Restored positions.json from backup
[JsonFileStore] Restored system_logs.json from backup
[JsonFileStore] Restored positions.json from backup
[JsonFileStore] Restored system_logs.json from backup
]]></system-out>
    <system-err><![CDATA[[JsonFileStore] Failed to load positions.json: Unrecognized field "open" (class com.bupt.smartta.model.Position), not marked as ignorable (12 known properties: "requiredSkills", "hoursPerWeek", "filledSlots", "postedBy", "deadline", "name", "description", "code", "totalSlots", "postedAt", "postedByUsername", "status"])
 at [Source: REDACTED (`StreamReadFeature.INCLUDE_SOURCE_IN_LOCATION` disabled); line: 14, column: 16] (through reference chain: java.util.ArrayList[0]->com.bupt.smartta.model.Position["open"])
[JsonFileStore] Also failed to read backup: Unrecognized field "open" (class com.bupt.smartta.model.Position), not marked as ignorable (12 known properties: "requiredSkills", "hoursPerWeek", "filledSlots", "postedBy", "deadline", "name", "description", "code", "totalSlots", "postedAt", "postedByUsername", "status"])
 at [Source: REDACTED (`StreamReadFeature.INCLUDE_SOURCE_IN_LOCATION` disabled); line: 14, column: 16] (through reference chain: java.util.ArrayList[0]->com.bupt.smartta.model.Position["open"])
[JsonFileStore] Failed to load system_logs.json: Unrecognized field "opIcon" (class com.bupt.smartta.model.SystemLog), not marked as ignorable (5 known properties: "detail", "status", "timestamp", "operation", "fileName"])
 at [Source: REDACTED (`StreamReadFeature.INCLUDE_SOURCE_IN_LOCATION` disabled); line: 7, column: 15] (through reference chain: java.util.ArrayList[0]->com.bupt.smartta.model.SystemLog["opIcon"])
[JsonFileStore] Also failed to read backup: Unrecognized field "opIcon" (class com.bupt.smartta.model.SystemLog), not marked as ignorable (5 known properties: "detail", "status", "timestamp", "operation", "fileName"])
 at [Source: REDACTED (`StreamReadFeature.INCLUDE_SOURCE_IN_LOCATION` disabled); line: 7, column: 15] (through reference chain: java.util.ArrayList[0]->com.bupt.smartta.model.SystemLog["opIcon"])
[JsonFileStore] Failed to load positions.json: Unrecognized field "open" (class com.bupt.smartta.model.Position), not marked as ignorable (12 known properties: "requiredSkills", "hoursPerWeek", "filledSlots", "postedBy", "deadline", "name", "description", "code", "totalSlots", "postedAt", "postedByUsername", "status"])
 at [Source: REDACTED (`StreamReadFeature.INCLUDE_SOURCE_IN_LOCATION` disabled); line: 14, column: 16] (through reference chain: java.util.ArrayList[0]->com.bupt.smartta.model.Position["open"])
[JsonFileStore] Also failed to read backup: Unrecognized field "open" (class com.bupt.smartta.model.Position), not marked as ignorable (12 known properties: "requiredSkills", "hoursPerWeek", "filledSlots", "postedBy", "deadline", "name", "description", "code", "totalSlots", "postedAt", "postedByUsername", "status"])
 at [Source: REDACTED (`StreamReadFeature.INCLUDE_SOURCE_IN_LOCATION` disabled); line: 14, column: 16] (through reference chain: java.util.ArrayList[0]->com.bupt.smartta.model.Position["open"])
[JsonFileStore] Failed to load system_logs.json: Unrecognized field "opIcon" (class com.bupt.smartta.model.SystemLog), not marked as ignorable (5 known properties: "detail", "status", "timestamp", "operation", "fileName"])
 at [Source: REDACTED (`StreamReadFeature.INCLUDE_SOURCE_IN_LOCATION` disabled); line: 7, column: 15] (through reference chain: java.util.ArrayList[0]->com.bupt.smartta.model.SystemLog["opIcon"])
[JsonFileStore] Also failed to read backup: Unrecognized field "opIcon" (class com.bupt.smartta.model.SystemLog), not marked as ignorable (5 known properties: "detail", "status", "timestamp", "operation", "fileName"])
 at [Source: REDACTED (`StreamReadFeature.INCLUDE_SOURCE_IN_LOCATION` disabled); line: 7, column: 15] (through reference chain: java.util.ArrayList[0]->com.bupt.smartta.model.SystemLog["opIcon"])
]]></system-err>
  </testcase>
  <testcase name="removeUserByUsername_notFound" classname="com.bupt.smartta.util.DataStoreTest" time="0.079">
    <system-out><![CDATA[[JsonFileStore] Restored positions.json from backup
[JsonFileStore] Restored system_logs.json from backup
[JsonFileStore] Restored positions.json from backup
[JsonFileStore] Restored system_logs.json from backup
]]></system-out>
    <system-err><![CDATA[[JsonFileStore] Failed to load positions.json: Unrecognized field "open" (class com.bupt.smartta.model.Position), not marked as ignorable (12 known properties: "requiredSkills", "hoursPerWeek", "filledSlots", "postedBy", "deadline", "name", "description", "code", "totalSlots", "postedAt", "postedByUsername", "status"])
 at [Source: REDACTED (`StreamReadFeature.INCLUDE_SOURCE_IN_LOCATION` disabled); line: 14, column: 16] (through reference chain: java.util.ArrayList[0]->com.bupt.smartta.model.Position["open"])
[JsonFileStore] Also failed to read backup: Unrecognized field "open" (class com.bupt.smartta.model.Position), not marked as ignorable (12 known properties: "requiredSkills", "hoursPerWeek", "filledSlots", "postedBy", "deadline", "name", "description", "code", "totalSlots", "postedAt", "postedByUsername", "status"])
 at [Source: REDACTED (`StreamReadFeature.INCLUDE_SOURCE_IN_LOCATION` disabled); line: 14, column: 16] (through reference chain: java.util.ArrayList[0]->com.bupt.smartta.model.Position["open"])
[JsonFileStore] Failed to load system_logs.json: Unrecognized field "opIcon" (class com.bupt.smartta.model.SystemLog), not marked as ignorable (5 known properties: "detail", "status", "timestamp", "operation", "fileName"])
 at [Source: REDACTED (`StreamReadFeature.INCLUDE_SOURCE_IN_LOCATION` disabled); line: 7, column: 15] (through reference chain: java.util.ArrayList[0]->com.bupt.smartta.model.SystemLog["opIcon"])
[JsonFileStore] Also failed to read backup: Unrecognized field "opIcon" (class com.bupt.smartta.model.SystemLog), not marked as ignorable (5 known properties: "detail", "status", "timestamp", "operation", "fileName"])
 at [Source: REDACTED (`StreamReadFeature.INCLUDE_SOURCE_IN_LOCATION` disabled); line: 7, column: 15] (through reference chain: java.util.ArrayList[0]->com.bupt.smartta.model.SystemLog["opIcon"])
[JsonFileStore] Failed to load positions.json: Unrecognized field "open" (class com.bupt.smartta.model.Position), not marked as ignorable (12 known properties: "requiredSkills", "hoursPerWeek", "filledSlots", "postedBy", "deadline", "name", "description", "code", "totalSlots", "postedAt", "postedByUsername", "status"])
 at [Source: REDACTED (`StreamReadFeature.INCLUDE_SOURCE_IN_LOCATION` disabled); line: 14, column: 16] (through reference chain: java.util.ArrayList[0]->com.bupt.smartta.model.Position["open"])
[JsonFileStore] Also failed to read backup: Unrecognized field "open" (class com.bupt.smartta.model.Position), not marked as ignorable (12 known properties: "requiredSkills", "hoursPerWeek", "filledSlots", "postedBy", "deadline", "name", "description", "code", "totalSlots", "postedAt", "postedByUsername", "status"])
 at [Source: REDACTED (`StreamReadFeature.INCLUDE_SOURCE_IN_LOCATION` disabled); line: 14, column: 16] (through reference chain: java.util.ArrayList[0]->com.bupt.smartta.model.Position["open"])
[JsonFileStore] Failed to load system_logs.json: Unrecognized field "opIcon" (class com.bupt.smartta.model.SystemLog), not marked as ignorable (5 known properties: "detail", "status", "timestamp", "operation", "fileName"])
 at [Source: REDACTED (`StreamReadFeature.INCLUDE_SOURCE_IN_LOCATION` disabled); line: 7, column: 15] (through reference chain: java.util.ArrayList[0]->com.bupt.smartta.model.SystemLog["opIcon"])
[JsonFileStore] Also failed to read backup: Unrecognized field "opIcon" (class com.bupt.smartta.model.SystemLog), not marked as ignorable (5 known properties: "detail", "status", "timestamp", "operation", "fileName"])
 at [Source: REDACTED (`StreamReadFeature.INCLUDE_SOURCE_IN_LOCATION` disabled); line: 7, column: 15] (through reference chain: java.util.ArrayList[0]->com.bupt.smartta.model.SystemLog["opIcon"])
]]></system-err>
  </testcase>
  <testcase name="removeUserByUsername" classname="com.bupt.smartta.util.DataStoreTest" time="0.073">
    <system-out><![CDATA[[JsonFileStore] Restored positions.json from backup
[JsonFileStore] Restored system_logs.json from backup
[JsonFileStore] Restored positions.json from backup
[JsonFileStore] Restored system_logs.json from backup
]]></system-out>
    <system-err><![CDATA[[JsonFileStore] Failed to load positions.json: Unrecognized field "open" (class com.bupt.smartta.model.Position), not marked as ignorable (12 known properties: "requiredSkills", "hoursPerWeek", "filledSlots", "postedBy", "deadline", "name", "description", "code", "totalSlots", "postedAt", "postedByUsername", "status"])
 at [Source: REDACTED (`StreamReadFeature.INCLUDE_SOURCE_IN_LOCATION` disabled); line: 14, column: 16] (through reference chain: java.util.ArrayList[0]->com.bupt.smartta.model.Position["open"])
[JsonFileStore] Also failed to read backup: Unrecognized field "open" (class com.bupt.smartta.model.Position), not marked as ignorable (12 known properties: "requiredSkills", "hoursPerWeek", "filledSlots", "postedBy", "deadline", "name", "description", "code", "totalSlots", "postedAt", "postedByUsername", "status"])
 at [Source: REDACTED (`StreamReadFeature.INCLUDE_SOURCE_IN_LOCATION` disabled); line: 14, column: 16] (through reference chain: java.util.ArrayList[0]->com.bupt.smartta.model.Position["open"])
[JsonFileStore] Failed to load system_logs.json: Unrecognized field "opIcon" (class com.bupt.smartta.model.SystemLog), not marked as ignorable (5 known properties: "detail", "status", "timestamp", "operation", "fileName"])
 at [Source: REDACTED (`StreamReadFeature.INCLUDE_SOURCE_IN_LOCATION` disabled); line: 7, column: 15] (through reference chain: java.util.ArrayList[0]->com.bupt.smartta.model.SystemLog["opIcon"])
[JsonFileStore] Also failed to read backup: Unrecognized field "opIcon" (class com.bupt.smartta.model.SystemLog), not marked as ignorable (5 known properties: "detail", "status", "timestamp", "operation", "fileName"])
 at [Source: REDACTED (`StreamReadFeature.INCLUDE_SOURCE_IN_LOCATION` disabled); line: 7, column: 15] (through reference chain: java.util.ArrayList[0]->com.bupt.smartta.model.SystemLog["opIcon"])
[JsonFileStore] Failed to load positions.json: Unrecognized field "open" (class com.bupt.smartta.model.Position), not marked as ignorable (12 known properties: "requiredSkills", "hoursPerWeek", "filledSlots", "postedBy", "deadline", "name", "description", "code", "totalSlots", "postedAt", "postedByUsername", "status"])
 at [Source: REDACTED (`StreamReadFeature.INCLUDE_SOURCE_IN_LOCATION` disabled); line: 14, column: 16] (through reference chain: java.util.ArrayList[0]->com.bupt.smartta.model.Position["open"])
[JsonFileStore] Also failed to read backup: Unrecognized field "open" (class com.bupt.smartta.model.Position), not marked as ignorable (12 known properties: "requiredSkills", "hoursPerWeek", "filledSlots", "postedBy", "deadline", "name", "description", "code", "totalSlots", "postedAt", "postedByUsername", "status"])
 at [Source: REDACTED (`StreamReadFeature.INCLUDE_SOURCE_IN_LOCATION` disabled); line: 14, column: 16] (through reference chain: java.util.ArrayList[0]->com.bupt.smartta.model.Position["open"])
[JsonFileStore] Failed to load system_logs.json: Unrecognized field "opIcon" (class com.bupt.smartta.model.SystemLog), not marked as ignorable (5 known properties: "detail", "status", "timestamp", "operation", "fileName"])
 at [Source: REDACTED (`StreamReadFeature.INCLUDE_SOURCE_IN_LOCATION` disabled); line: 7, column: 15] (through reference chain: java.util.ArrayList[0]->com.bupt.smartta.model.SystemLog["opIcon"])
[JsonFileStore] Also failed to read backup: Unrecognized field "opIcon" (class com.bupt.smartta.model.SystemLog), not marked as ignorable (5 known properties: "detail", "status", "timestamp", "operation", "fileName"])
 at [Source: REDACTED (`StreamReadFeature.INCLUDE_SOURCE_IN_LOCATION` disabled); line: 7, column: 15] (through reference chain: java.util.ArrayList[0]->com.bupt.smartta.model.SystemLog["opIcon"])
]]></system-err>
  </testcase>
  <testcase name="applicationsByApplicant" classname="com.bupt.smartta.util.DataStoreTest" time="0.072">
    <system-out><![CDATA[[JsonFileStore] Restored positions.json from backup
[JsonFileStore] Restored system_logs.json from backup
[JsonFileStore] Restored positions.json from backup
[JsonFileStore] Restored system_logs.json from backup
]]></system-out>
    <system-err><![CDATA[[JsonFileStore] Failed to load positions.json: Unrecognized field "open" (class com.bupt.smartta.model.Position), not marked as ignorable (12 known properties: "requiredSkills", "hoursPerWeek", "filledSlots", "postedBy", "deadline", "name", "description", "code", "totalSlots", "postedAt", "postedByUsername", "status"])
 at [Source: REDACTED (`StreamReadFeature.INCLUDE_SOURCE_IN_LOCATION` disabled); line: 14, column: 16] (through reference chain: java.util.ArrayList[0]->com.bupt.smartta.model.Position["open"])
[JsonFileStore] Also failed to read backup: Unrecognized field "open" (class com.bupt.smartta.model.Position), not marked as ignorable (12 known properties: "requiredSkills", "hoursPerWeek", "filledSlots", "postedBy", "deadline", "name", "description", "code", "totalSlots", "postedAt", "postedByUsername", "status"])
 at [Source: REDACTED (`StreamReadFeature.INCLUDE_SOURCE_IN_LOCATION` disabled); line: 14, column: 16] (through reference chain: java.util.ArrayList[0]->com.bupt.smartta.model.Position["open"])
[JsonFileStore] Failed to load system_logs.json: Unrecognized field "opIcon" (class com.bupt.smartta.model.SystemLog), not marked as ignorable (5 known properties: "detail", "status", "timestamp", "operation", "fileName"])
 at [Source: REDACTED (`StreamReadFeature.INCLUDE_SOURCE_IN_LOCATION` disabled); line: 7, column: 15] (through reference chain: java.util.ArrayList[0]->com.bupt.smartta.model.SystemLog["opIcon"])
[JsonFileStore] Also failed to read backup: Unrecognized field "opIcon" (class com.bupt.smartta.model.SystemLog), not marked as ignorable (5 known properties: "detail", "status", "timestamp", "operation", "fileName"])
 at [Source: REDACTED (`StreamReadFeature.INCLUDE_SOURCE_IN_LOCATION` disabled); line: 7, column: 15] (through reference chain: java.util.ArrayList[0]->com.bupt.smartta.model.SystemLog["opIcon"])
[JsonFileStore] Failed to load positions.json: Unrecognized field "open" (class com.bupt.smartta.model.Position), not marked as ignorable (12 known properties: "requiredSkills", "hoursPerWeek", "filledSlots", "postedBy", "deadline", "name", "description", "code", "totalSlots", "postedAt", "postedByUsername", "status"])
 at [Source: REDACTED (`StreamReadFeature.INCLUDE_SOURCE_IN_LOCATION` disabled); line: 14, column: 16] (through reference chain: java.util.ArrayList[0]->com.bupt.smartta.model.Position["open"])
[JsonFileStore] Also failed to read backup: Unrecognized field "open" (class com.bupt.smartta.model.Position), not marked as ignorable (12 known properties: "requiredSkills", "hoursPerWeek", "filledSlots", "postedBy", "deadline", "name", "description", "code", "totalSlots", "postedAt", "postedByUsername", "status"])
 at [Source: REDACTED (`StreamReadFeature.INCLUDE_SOURCE_IN_LOCATION` disabled); line: 14, column: 16] (through reference chain: java.util.ArrayList[0]->com.bupt.smartta.model.Position["open"])
[JsonFileStore] Failed to load system_logs.json: Unrecognized field "opIcon" (class com.bupt.smartta.model.SystemLog), not marked as ignorable (5 known properties: "detail", "status", "timestamp", "operation", "fileName"])
 at [Source: REDACTED (`StreamReadFeature.INCLUDE_SOURCE_IN_LOCATION` disabled); line: 7, column: 15] (through reference chain: java.util.ArrayList[0]->com.bupt.smartta.model.SystemLog["opIcon"])
[JsonFileStore] Also failed to read backup: Unrecognized field "opIcon" (class com.bupt.smartta.model.SystemLog), not marked as ignorable (5 known properties: "detail", "status", "timestamp", "operation", "fileName"])
 at [Source: REDACTED (`StreamReadFeature.INCLUDE_SOURCE_IN_LOCATION` disabled); line: 7, column: 15] (through reference chain: java.util.ArrayList[0]->com.bupt.smartta.model.SystemLog["opIcon"])
]]></system-err>
  </testcase>
  <testcase name="getUserByUsername_notFound" classname="com.bupt.smartta.util.DataStoreTest" time="0.054">
    <system-out><![CDATA[[JsonFileStore] Restored positions.json from backup
[JsonFileStore] Restored system_logs.json from backup
[JsonFileStore] Restored positions.json from backup
[JsonFileStore] Restored system_logs.json from backup
]]></system-out>
    <system-err><![CDATA[[JsonFileStore] Failed to load positions.json: Unrecognized field "open" (class com.bupt.smartta.model.Position), not marked as ignorable (12 known properties: "requiredSkills", "hoursPerWeek", "filledSlots", "postedBy", "deadline", "name", "description", "code", "totalSlots", "postedAt", "postedByUsername", "status"])
 at [Source: REDACTED (`StreamReadFeature.INCLUDE_SOURCE_IN_LOCATION` disabled); line: 14, column: 16] (through reference chain: java.util.ArrayList[0]->com.bupt.smartta.model.Position["open"])
[JsonFileStore] Also failed to read backup: Unrecognized field "open" (class com.bupt.smartta.model.Position), not marked as ignorable (12 known properties: "requiredSkills", "hoursPerWeek", "filledSlots", "postedBy", "deadline", "name", "description", "code", "totalSlots", "postedAt", "postedByUsername", "status"])
 at [Source: REDACTED (`StreamReadFeature.INCLUDE_SOURCE_IN_LOCATION` disabled); line: 14, column: 16] (through reference chain: java.util.ArrayList[0]->com.bupt.smartta.model.Position["open"])
[JsonFileStore] Failed to load system_logs.json: Unrecognized field "opIcon" (class com.bupt.smartta.model.SystemLog), not marked as ignorable (5 known properties: "detail", "status", "timestamp", "operation", "fileName"])
 at [Source: REDACTED (`StreamReadFeature.INCLUDE_SOURCE_IN_LOCATION` disabled); line: 7, column: 15] (through reference chain: java.util.ArrayList[0]->com.bupt.smartta.model.SystemLog["opIcon"])
[JsonFileStore] Also failed to read backup: Unrecognized field "opIcon" (class com.bupt.smartta.model.SystemLog), not marked as ignorable (5 known properties: "detail", "status", "timestamp", "operation", "fileName"])
 at [Source: REDACTED (`StreamReadFeature.INCLUDE_SOURCE_IN_LOCATION` disabled); line: 7, column: 15] (through reference chain: java.util.ArrayList[0]->com.bupt.smartta.model.SystemLog["opIcon"])
[JsonFileStore] Failed to load positions.json: Unrecognized field "open" (class com.bupt.smartta.model.Position), not marked as ignorable (12 known properties: "requiredSkills", "hoursPerWeek", "filledSlots", "postedBy", "deadline", "name", "description", "code", "totalSlots", "postedAt", "postedByUsername", "status"])
 at [Source: REDACTED (`StreamReadFeature.INCLUDE_SOURCE_IN_LOCATION` disabled); line: 14, column: 16] (through reference chain: java.util.ArrayList[0]->com.bupt.smartta.model.Position["open"])
[JsonFileStore] Also failed to read backup: Unrecognized field "open" (class com.bupt.smartta.model.Position), not marked as ignorable (12 known properties: "requiredSkills", "hoursPerWeek", "filledSlots", "postedBy", "deadline", "name", "description", "code", "totalSlots", "postedAt", "postedByUsername", "status"])
 at [Source: REDACTED (`StreamReadFeature.INCLUDE_SOURCE_IN_LOCATION` disabled); line: 14, column: 16] (through reference chain: java.util.ArrayList[0]->com.bupt.smartta.model.Position["open"])
[JsonFileStore] Failed to load system_logs.json: Unrecognized field "opIcon" (class com.bupt.smartta.model.SystemLog), not marked as ignorable (5 known properties: "detail", "status", "timestamp", "operation", "fileName"])
 at [Source: REDACTED (`StreamReadFeature.INCLUDE_SOURCE_IN_LOCATION` disabled); line: 7, column: 15] (through reference chain: java.util.ArrayList[0]->com.bupt.smartta.model.SystemLog["opIcon"])
[JsonFileStore] Also failed to read backup: Unrecognized field "opIcon" (class com.bupt.smartta.model.SystemLog), not marked as ignorable (5 known properties: "detail", "status", "timestamp", "operation", "fileName"])
 at [Source: REDACTED (`StreamReadFeature.INCLUDE_SOURCE_IN_LOCATION` disabled); line: 7, column: 15] (through reference chain: java.util.ArrayList[0]->com.bupt.smartta.model.SystemLog["opIcon"])
]]></system-err>
  </testcase>
  <testcase name="workloadHours_default" classname="com.bupt.smartta.util.DataStoreTest" time="0.0">
    <skipped message="workloadHours 数据在测试间持久化，依赖文件初始状态，改为 roundTrip 测试验证功能"/>
  </testcase>
  <testcase name="countUnreadMoTaForUser_null" classname="com.bupt.smartta.util.DataStoreTest" time="0.072">
    <system-out><![CDATA[[JsonFileStore] Restored positions.json from backup
[JsonFileStore] Restored system_logs.json from backup
[JsonFileStore] Restored positions.json from backup
[JsonFileStore] Restored system_logs.json from backup
]]></system-out>
    <system-err><![CDATA[[JsonFileStore] Failed to load positions.json: Unrecognized field "open" (class com.bupt.smartta.model.Position), not marked as ignorable (12 known properties: "requiredSkills", "hoursPerWeek", "filledSlots", "postedBy", "deadline", "name", "description", "code", "totalSlots", "postedAt", "postedByUsername", "status"])
 at [Source: REDACTED (`StreamReadFeature.INCLUDE_SOURCE_IN_LOCATION` disabled); line: 14, column: 16] (through reference chain: java.util.ArrayList[0]->com.bupt.smartta.model.Position["open"])
[JsonFileStore] Also failed to read backup: Unrecognized field "open" (class com.bupt.smartta.model.Position), not marked as ignorable (12 known properties: "requiredSkills", "hoursPerWeek", "filledSlots", "postedBy", "deadline", "name", "description", "code", "totalSlots", "postedAt", "postedByUsername", "status"])
 at [Source: REDACTED (`StreamReadFeature.INCLUDE_SOURCE_IN_LOCATION` disabled); line: 14, column: 16] (through reference chain: java.util.ArrayList[0]->com.bupt.smartta.model.Position["open"])
[JsonFileStore] Failed to load system_logs.json: Unrecognized field "opIcon" (class com.bupt.smartta.model.SystemLog), not marked as ignorable (5 known properties: "detail", "status", "timestamp", "operation", "fileName"])
 at [Source: REDACTED (`StreamReadFeature.INCLUDE_SOURCE_IN_LOCATION` disabled); line: 7, column: 15] (through reference chain: java.util.ArrayList[0]->com.bupt.smartta.model.SystemLog["opIcon"])
[JsonFileStore] Also failed to read backup: Unrecognized field "opIcon" (class com.bupt.smartta.model.SystemLog), not marked as ignorable (5 known properties: "detail", "status", "timestamp", "operation", "fileName"])
 at [Source: REDACTED (`StreamReadFeature.INCLUDE_SOURCE_IN_LOCATION` disabled); line: 7, column: 15] (through reference chain: java.util.ArrayList[0]->com.bupt.smartta.model.SystemLog["opIcon"])
[JsonFileStore] Failed to load positions.json: Unrecognized field "open" (class com.bupt.smartta.model.Position), not marked as ignorable (12 known properties: "requiredSkills", "hoursPerWeek", "filledSlots", "postedBy", "deadline", "name", "description", "code", "totalSlots", "postedAt", "postedByUsername", "status"])
 at [Source: REDACTED (`StreamReadFeature.INCLUDE_SOURCE_IN_LOCATION` disabled); line: 14, column: 16] (through reference chain: java.util.ArrayList[0]->com.bupt.smartta.model.Position["open"])
[JsonFileStore] Also failed to read backup: Unrecognized field "open" (class com.bupt.smartta.model.Position), not marked as ignorable (12 known properties: "requiredSkills", "hoursPerWeek", "filledSlots", "postedBy", "deadline", "name", "description", "code", "totalSlots", "postedAt", "postedByUsername", "status"])
 at [Source: REDACTED (`StreamReadFeature.INCLUDE_SOURCE_IN_LOCATION` disabled); line: 14, column: 16] (through reference chain: java.util.ArrayList[0]->com.bupt.smartta.model.Position["open"])
[JsonFileStore] Failed to load system_logs.json: Unrecognized field "opIcon" (class com.bupt.smartta.model.SystemLog), not marked as ignorable (5 known properties: "detail", "status", "timestamp", "operation", "fileName"])
 at [Source: REDACTED (`StreamReadFeature.INCLUDE_SOURCE_IN_LOCATION` disabled); line: 7, column: 15] (through reference chain: java.util.ArrayList[0]->com.bupt.smartta.model.SystemLog["opIcon"])
[JsonFileStore] Also failed to read backup: Unrecognized field "opIcon" (class com.bupt.smartta.model.SystemLog), not marked as ignorable (5 known properties: "detail", "status", "timestamp", "operation", "fileName"])
 at [Source: REDACTED (`StreamReadFeature.INCLUDE_SOURCE_IN_LOCATION` disabled); line: 7, column: 15] (through reference chain: java.util.ArrayList[0]->com.bupt.smartta.model.SystemLog["opIcon"])
]]></system-err>
  </testcase>
  <testcase name="countUnreadMoTaForUser" classname="com.bupt.smartta.util.DataStoreTest" time="0.06">
    <system-out><![CDATA[[JsonFileStore] Restored positions.json from backup
[JsonFileStore] Restored system_logs.json from backup
[JsonFileStore] Restored positions.json from backup
[JsonFileStore] Restored system_logs.json from backup
]]></system-out>
    <system-err><![CDATA[[JsonFileStore] Failed to load positions.json: Unrecognized field "open" (class com.bupt.smartta.model.Position), not marked as ignorable (12 known properties: "requiredSkills", "hoursPerWeek", "filledSlots", "postedBy", "deadline", "name", "description", "code", "totalSlots", "postedAt", "postedByUsername", "status"])
 at [Source: REDACTED (`StreamReadFeature.INCLUDE_SOURCE_IN_LOCATION` disabled); line: 14, column: 16] (through reference chain: java.util.ArrayList[0]->com.bupt.smartta.model.Position["open"])
[JsonFileStore] Also failed to read backup: Unrecognized field "open" (class com.bupt.smartta.model.Position), not marked as ignorable (12 known properties: "requiredSkills", "hoursPerWeek", "filledSlots", "postedBy", "deadline", "name", "description", "code", "totalSlots", "postedAt", "postedByUsername", "status"])
 at [Source: REDACTED (`StreamReadFeature.INCLUDE_SOURCE_IN_LOCATION` disabled); line: 14, column: 16] (through reference chain: java.util.ArrayList[0]->com.bupt.smartta.model.Position["open"])
[JsonFileStore] Failed to load system_logs.json: Unrecognized field "opIcon" (class com.bupt.smartta.model.SystemLog), not marked as ignorable (5 known properties: "detail", "status", "timestamp", "operation", "fileName"])
 at [Source: REDACTED (`StreamReadFeature.INCLUDE_SOURCE_IN_LOCATION` disabled); line: 7, column: 15] (through reference chain: java.util.ArrayList[0]->com.bupt.smartta.model.SystemLog["opIcon"])
[JsonFileStore] Also failed to read backup: Unrecognized field "opIcon" (class com.bupt.smartta.model.SystemLog), not marked as ignorable (5 known properties: "detail", "status", "timestamp", "operation", "fileName"])
 at [Source: REDACTED (`StreamReadFeature.INCLUDE_SOURCE_IN_LOCATION` disabled); line: 7, column: 15] (through reference chain: java.util.ArrayList[0]->com.bupt.smartta.model.SystemLog["opIcon"])
[JsonFileStore] Failed to load positions.json: Unrecognized field "open" (class com.bupt.smartta.model.Position), not marked as ignorable (12 known properties: "requiredSkills", "hoursPerWeek", "filledSlots", "postedBy", "deadline", "name", "description", "code", "totalSlots", "postedAt", "postedByUsername", "status"])
 at [Source: REDACTED (`StreamReadFeature.INCLUDE_SOURCE_IN_LOCATION` disabled); line: 14, column: 16] (through reference chain: java.util.ArrayList[0]->com.bupt.smartta.model.Position["open"])
[JsonFileStore] Also failed to read backup: Unrecognized field "open" (class com.bupt.smartta.model.Position), not marked as ignorable (12 known properties: "requiredSkills", "hoursPerWeek", "filledSlots", "postedBy", "deadline", "name", "description", "code", "totalSlots", "postedAt", "postedByUsername", "status"])
 at [Source: REDACTED (`StreamReadFeature.INCLUDE_SOURCE_IN_LOCATION` disabled); line: 14, column: 16] (through reference chain: java.util.ArrayList[0]->com.bupt.smartta.model.Position["open"])
[JsonFileStore] Failed to load system_logs.json: Unrecognized field "opIcon" (class com.bupt.smartta.model.SystemLog), not marked as ignorable (5 known properties: "detail", "status", "timestamp", "operation", "fileName"])
 at [Source: REDACTED (`StreamReadFeature.INCLUDE_SOURCE_IN_LOCATION` disabled); line: 7, column: 15] (through reference chain: java.util.ArrayList[0]->com.bupt.smartta.model.SystemLog["opIcon"])
[JsonFileStore] Also failed to read backup: Unrecognized field "opIcon" (class com.bupt.smartta.model.SystemLog), not marked as ignorable (5 known properties: "detail", "status", "timestamp", "operation", "fileName"])
 at [Source: REDACTED (`StreamReadFeature.INCLUDE_SOURCE_IN_LOCATION` disabled); line: 7, column: 15] (through reference chain: java.util.ArrayList[0]->com.bupt.smartta.model.SystemLog["opIcon"])
]]></system-err>
  </testcase>
  <testcase name="workloadHours_null" classname="com.bupt.smartta.util.DataStoreTest" time="0.073">
    <system-out><![CDATA[[JsonFileStore] Restored positions.json from backup
[JsonFileStore] Restored system_logs.json from backup
[JsonFileStore] Restored positions.json from backup
[JsonFileStore] Restored system_logs.json from backup
]]></system-out>
    <system-err><![CDATA[[JsonFileStore] Failed to load positions.json: Unrecognized field "open" (class com.bupt.smartta.model.Position), not marked as ignorable (12 known properties: "requiredSkills", "hoursPerWeek", "filledSlots", "postedBy", "deadline", "name", "description", "code", "totalSlots", "postedAt", "postedByUsername", "status"])
 at [Source: REDACTED (`StreamReadFeature.INCLUDE_SOURCE_IN_LOCATION` disabled); line: 14, column: 16] (through reference chain: java.util.ArrayList[0]->com.bupt.smartta.model.Position["open"])
[JsonFileStore] Also failed to read backup: Unrecognized field "open" (class com.bupt.smartta.model.Position), not marked as ignorable (12 known properties: "requiredSkills", "hoursPerWeek", "filledSlots", "postedBy", "deadline", "name", "description", "code", "totalSlots", "postedAt", "postedByUsername", "status"])
 at [Source: REDACTED (`StreamReadFeature.INCLUDE_SOURCE_IN_LOCATION` disabled); line: 14, column: 16] (through reference chain: java.util.ArrayList[0]->com.bupt.smartta.model.Position["open"])
[JsonFileStore] Failed to load system_logs.json: Unrecognized field "opIcon" (class com.bupt.smartta.model.SystemLog), not marked as ignorable (5 known properties: "detail", "status", "timestamp", "operation", "fileName"])
 at [Source: REDACTED (`StreamReadFeature.INCLUDE_SOURCE_IN_LOCATION` disabled); line: 7, column: 15] (through reference chain: java.util.ArrayList[0]->com.bupt.smartta.model.SystemLog["opIcon"])
[JsonFileStore] Also failed to read backup: Unrecognized field "opIcon" (class com.bupt.smartta.model.SystemLog), not marked as ignorable (5 known properties: "detail", "status", "timestamp", "operation", "fileName"])
 at [Source: REDACTED (`StreamReadFeature.INCLUDE_SOURCE_IN_LOCATION` disabled); line: 7, column: 15] (through reference chain: java.util.ArrayList[0]->com.bupt.smartta.model.SystemLog["opIcon"])
[JsonFileStore] Failed to load positions.json: Unrecognized field "open" (class com.bupt.smartta.model.Position), not marked as ignorable (12 known properties: "requiredSkills", "hoursPerWeek", "filledSlots", "postedBy", "deadline", "name", "description", "code", "totalSlots", "postedAt", "postedByUsername", "status"])
 at [Source: REDACTED (`StreamReadFeature.INCLUDE_SOURCE_IN_LOCATION` disabled); line: 14, column: 16] (through reference chain: java.util.ArrayList[0]->com.bupt.smartta.model.Position["open"])
[JsonFileStore] Also failed to read backup: Unrecognized field "open" (class com.bupt.smartta.model.Position), not marked as ignorable (12 known properties: "requiredSkills", "hoursPerWeek", "filledSlots", "postedBy", "deadline", "name", "description", "code", "totalSlots", "postedAt", "postedByUsername", "status"])
 at [Source: REDACTED (`StreamReadFeature.INCLUDE_SOURCE_IN_LOCATION` disabled); line: 14, column: 16] (through reference chain: java.util.ArrayList[0]->com.bupt.smartta.model.Position["open"])
[JsonFileStore] Failed to load system_logs.json: Unrecognized field "opIcon" (class com.bupt.smartta.model.SystemLog), not marked as ignorable (5 known properties: "detail", "status", "timestamp", "operation", "fileName"])
 at [Source: REDACTED (`StreamReadFeature.INCLUDE_SOURCE_IN_LOCATION` disabled); line: 7, column: 15] (through reference chain: java.util.ArrayList[0]->com.bupt.smartta.model.SystemLog["opIcon"])
[JsonFileStore] Also failed to read backup: Unrecognized field "opIcon" (class com.bupt.smartta.model.SystemLog), not marked as ignorable (5 known properties: "detail", "status", "timestamp", "operation", "fileName"])
 at [Source: REDACTED (`StreamReadFeature.INCLUDE_SOURCE_IN_LOCATION` disabled); line: 7, column: 15] (through reference chain: java.util.ArrayList[0]->com.bupt.smartta.model.SystemLog["opIcon"])
]]></system-err>
  </testcase>
  <testcase name="systemConfig_defaults" classname="com.bupt.smartta.util.DataStoreTest" time="0.046">
    <system-out><![CDATA[[JsonFileStore] Restored positions.json from backup
[JsonFileStore] Restored system_logs.json from backup
[JsonFileStore] Restored positions.json from backup
[JsonFileStore] Restored system_logs.json from backup
]]></system-out>
    <system-err><![CDATA[[JsonFileStore] Failed to load positions.json: Unrecognized field "open" (class com.bupt.smartta.model.Position), not marked as ignorable (12 known properties: "requiredSkills", "hoursPerWeek", "filledSlots", "postedBy", "deadline", "name", "description", "code", "totalSlots", "postedAt", "postedByUsername", "status"])
 at [Source: REDACTED (`StreamReadFeature.INCLUDE_SOURCE_IN_LOCATION` disabled); line: 14, column: 16] (through reference chain: java.util.ArrayList[0]->com.bupt.smartta.model.Position["open"])
[JsonFileStore] Also failed to read backup: Unrecognized field "open" (class com.bupt.smartta.model.Position), not marked as ignorable (12 known properties: "requiredSkills", "hoursPerWeek", "filledSlots", "postedBy", "deadline", "name", "description", "code", "totalSlots", "postedAt", "postedByUsername", "status"])
 at [Source: REDACTED (`StreamReadFeature.INCLUDE_SOURCE_IN_LOCATION` disabled); line: 14, column: 16] (through reference chain: java.util.ArrayList[0]->com.bupt.smartta.model.Position["open"])
[JsonFileStore] Failed to load system_logs.json: Unrecognized field "opIcon" (class com.bupt.smartta.model.SystemLog), not marked as ignorable (5 known properties: "detail", "status", "timestamp", "operation", "fileName"])
 at [Source: REDACTED (`StreamReadFeature.INCLUDE_SOURCE_IN_LOCATION` disabled); line: 7, column: 15] (through reference chain: java.util.ArrayList[0]->com.bupt.smartta.model.SystemLog["opIcon"])
[JsonFileStore] Also failed to read backup: Unrecognized field "opIcon" (class com.bupt.smartta.model.SystemLog), not marked as ignorable (5 known properties: "detail", "status", "timestamp", "operation", "fileName"])
 at [Source: REDACTED (`StreamReadFeature.INCLUDE_SOURCE_IN_LOCATION` disabled); line: 7, column: 15] (through reference chain: java.util.ArrayList[0]->com.bupt.smartta.model.SystemLog["opIcon"])
[JsonFileStore] Failed to load positions.json: Unrecognized field "open" (class com.bupt.smartta.model.Position), not marked as ignorable (12 known properties: "requiredSkills", "hoursPerWeek", "filledSlots", "postedBy", "deadline", "name", "description", "code", "totalSlots", "postedAt", "postedByUsername", "status"])
 at [Source: REDACTED (`StreamReadFeature.INCLUDE_SOURCE_IN_LOCATION` disabled); line: 14, column: 16] (through reference chain: java.util.ArrayList[0]->com.bupt.smartta.model.Position["open"])
[JsonFileStore] Also failed to read backup: Unrecognized field "open" (class com.bupt.smartta.model.Position), not marked as ignorable (12 known properties: "requiredSkills", "hoursPerWeek", "filledSlots", "postedBy", "deadline", "name", "description", "code", "totalSlots", "postedAt", "postedByUsername", "status"])
 at [Source: REDACTED (`StreamReadFeature.INCLUDE_SOURCE_IN_LOCATION` disabled); line: 14, column: 16] (through reference chain: java.util.ArrayList[0]->com.bupt.smartta.model.Position["open"])
[JsonFileStore] Failed to load system_logs.json: Unrecognized field "opIcon" (class com.bupt.smartta.model.SystemLog), not marked as ignorable (5 known properties: "detail", "status", "timestamp", "operation", "fileName"])
 at [Source: REDACTED (`StreamReadFeature.INCLUDE_SOURCE_IN_LOCATION` disabled); line: 7, column: 15] (through reference chain: java.util.ArrayList[0]->com.bupt.smartta.model.SystemLog["opIcon"])
[JsonFileStore] Also failed to read backup: Unrecognized field "opIcon" (class com.bupt.smartta.model.SystemLog), not marked as ignorable (5 known properties: "detail", "status", "timestamp", "operation", "fileName"])
 at [Source: REDACTED (`StreamReadFeature.INCLUDE_SOURCE_IN_LOCATION` disabled); line: 7, column: 15] (through reference chain: java.util.ArrayList[0]->com.bupt.smartta.model.SystemLog["opIcon"])
]]></system-err>
  </testcase>
  <testcase name="applicantId_format" classname="com.bupt.smartta.util.DataStoreTest" time="0.0">
    <skipped message="counter 可能被已有数据初始化为 1000+，导致 ID 变成 A1000，改为验证多次调用唯一性"/>
  </testcase>
  <testcase name="findUserByApplicantId_notFound" classname="com.bupt.smartta.util.DataStoreTest" time="0.048">
    <system-out><![CDATA[[JsonFileStore] Restored positions.json from backup
[JsonFileStore] Restored system_logs.json from backup
[JsonFileStore] Restored positions.json from backup
[JsonFileStore] Restored system_logs.json from backup
]]></system-out>
    <system-err><![CDATA[[JsonFileStore] Failed to load positions.json: Unrecognized field "open" (class com.bupt.smartta.model.Position), not marked as ignorable (12 known properties: "requiredSkills", "hoursPerWeek", "filledSlots", "postedBy", "deadline", "name", "description", "code", "totalSlots", "postedAt", "postedByUsername", "status"])
 at [Source: REDACTED (`StreamReadFeature.INCLUDE_SOURCE_IN_LOCATION` disabled); line: 14, column: 16] (through reference chain: java.util.ArrayList[0]->com.bupt.smartta.model.Position["open"])
[JsonFileStore] Also failed to read backup: Unrecognized field "open" (class com.bupt.smartta.model.Position), not marked as ignorable (12 known properties: "requiredSkills", "hoursPerWeek", "filledSlots", "postedBy", "deadline", "name", "description", "code", "totalSlots", "postedAt", "postedByUsername", "status"])
 at [Source: REDACTED (`StreamReadFeature.INCLUDE_SOURCE_IN_LOCATION` disabled); line: 14, column: 16] (through reference chain: java.util.ArrayList[0]->com.bupt.smartta.model.Position["open"])
[JsonFileStore] Failed to load system_logs.json: Unrecognized field "opIcon" (class com.bupt.smartta.model.SystemLog), not marked as ignorable (5 known properties: "detail", "status", "timestamp", "operation", "fileName"])
 at [Source: REDACTED (`StreamReadFeature.INCLUDE_SOURCE_IN_LOCATION` disabled); line: 7, column: 15] (through reference chain: java.util.ArrayList[0]->com.bupt.smartta.model.SystemLog["opIcon"])
[JsonFileStore] Also failed to read backup: Unrecognized field "opIcon" (class com.bupt.smartta.model.SystemLog), not marked as ignorable (5 known properties: "detail", "status", "timestamp", "operation", "fileName"])
 at [Source: REDACTED (`StreamReadFeature.INCLUDE_SOURCE_IN_LOCATION` disabled); line: 7, column: 15] (through reference chain: java.util.ArrayList[0]->com.bupt.smartta.model.SystemLog["opIcon"])
[JsonFileStore] Failed to load positions.json: Unrecognized field "open" (class com.bupt.smartta.model.Position), not marked as ignorable (12 known properties: "requiredSkills", "hoursPerWeek", "filledSlots", "postedBy", "deadline", "name", "description", "code", "totalSlots", "postedAt", "postedByUsername", "status"])
 at [Source: REDACTED (`StreamReadFeature.INCLUDE_SOURCE_IN_LOCATION` disabled); line: 14, column: 16] (through reference chain: java.util.ArrayList[0]->com.bupt.smartta.model.Position["open"])
[JsonFileStore] Also failed to read backup: Unrecognized field "open" (class com.bupt.smartta.model.Position), not marked as ignorable (12 known properties: "requiredSkills", "hoursPerWeek", "filledSlots", "postedBy", "deadline", "name", "description", "code", "totalSlots", "postedAt", "postedByUsername", "status"])
 at [Source: REDACTED (`StreamReadFeature.INCLUDE_SOURCE_IN_LOCATION` disabled); line: 14, column: 16] (through reference chain: java.util.ArrayList[0]->com.bupt.smartta.model.Position["open"])
[JsonFileStore] Failed to load system_logs.json: Unrecognized field "opIcon" (class com.bupt.smartta.model.SystemLog), not marked as ignorable (5 known properties: "detail", "status", "timestamp", "operation", "fileName"])
 at [Source: REDACTED (`StreamReadFeature.INCLUDE_SOURCE_IN_LOCATION` disabled); line: 7, column: 15] (through reference chain: java.util.ArrayList[0]->com.bupt.smartta.model.SystemLog["opIcon"])
[JsonFileStore] Also failed to read backup: Unrecognized field "opIcon" (class com.bupt.smartta.model.SystemLog), not marked as ignorable (5 known properties: "detail", "status", "timestamp", "operation", "fileName"])
 at [Source: REDACTED (`StreamReadFeature.INCLUDE_SOURCE_IN_LOCATION` disabled); line: 7, column: 15] (through reference chain: java.util.ArrayList[0]->com.bupt.smartta.model.SystemLog["opIcon"])
]]></system-err>
  </testcase>
  <testcase name="addMoTaMessage" classname="com.bupt.smartta.util.DataStoreTest" time="0.05">
    <system-out><![CDATA[[JsonFileStore] Restored positions.json from backup
[JsonFileStore] Restored system_logs.json from backup
[JsonFileStore] Restored positions.json from backup
[JsonFileStore] Restored system_logs.json from backup
]]></system-out>
    <system-err><![CDATA[[JsonFileStore] Failed to load positions.json: Unrecognized field "open" (class com.bupt.smartta.model.Position), not marked as ignorable (12 known properties: "requiredSkills", "hoursPerWeek", "filledSlots", "postedBy", "deadline", "name", "description", "code", "totalSlots", "postedAt", "postedByUsername", "status"])
 at [Source: REDACTED (`StreamReadFeature.INCLUDE_SOURCE_IN_LOCATION` disabled); line: 14, column: 16] (through reference chain: java.util.ArrayList[0]->com.bupt.smartta.model.Position["open"])
[JsonFileStore] Also failed to read backup: Unrecognized field "open" (class com.bupt.smartta.model.Position), not marked as ignorable (12 known properties: "requiredSkills", "hoursPerWeek", "filledSlots", "postedBy", "deadline", "name", "description", "code", "totalSlots", "postedAt", "postedByUsername", "status"])
 at [Source: REDACTED (`StreamReadFeature.INCLUDE_SOURCE_IN_LOCATION` disabled); line: 14, column: 16] (through reference chain: java.util.ArrayList[0]->com.bupt.smartta.model.Position["open"])
[JsonFileStore] Failed to load system_logs.json: Unrecognized field "opIcon" (class com.bupt.smartta.model.SystemLog), not marked as ignorable (5 known properties: "detail", "status", "timestamp", "operation", "fileName"])
 at [Source: REDACTED (`StreamReadFeature.INCLUDE_SOURCE_IN_LOCATION` disabled); line: 7, column: 15] (through reference chain: java.util.ArrayList[0]->com.bupt.smartta.model.SystemLog["opIcon"])
[JsonFileStore] Also failed to read backup: Unrecognized field "opIcon" (class com.bupt.smartta.model.SystemLog), not marked as ignorable (5 known properties: "detail", "status", "timestamp", "operation", "fileName"])
 at [Source: REDACTED (`StreamReadFeature.INCLUDE_SOURCE_IN_LOCATION` disabled); line: 7, column: 15] (through reference chain: java.util.ArrayList[0]->com.bupt.smartta.model.SystemLog["opIcon"])
[JsonFileStore] Failed to load positions.json: Unrecognized field "open" (class com.bupt.smartta.model.Position), not marked as ignorable (12 known properties: "requiredSkills", "hoursPerWeek", "filledSlots", "postedBy", "deadline", "name", "description", "code", "totalSlots", "postedAt", "postedByUsername", "status"])
 at [Source: REDACTED (`StreamReadFeature.INCLUDE_SOURCE_IN_LOCATION` disabled); line: 14, column: 16] (through reference chain: java.util.ArrayList[0]->com.bupt.smartta.model.Position["open"])
[JsonFileStore] Also failed to read backup: Unrecognized field "open" (class com.bupt.smartta.model.Position), not marked as ignorable (12 known properties: "requiredSkills", "hoursPerWeek", "filledSlots", "postedBy", "deadline", "name", "description", "code", "totalSlots", "postedAt", "postedByUsername", "status"])
 at [Source: REDACTED (`StreamReadFeature.INCLUDE_SOURCE_IN_LOCATION` disabled); line: 14, column: 16] (through reference chain: java.util.ArrayList[0]->com.bupt.smartta.model.Position["open"])
[JsonFileStore] Failed to load system_logs.json: Unrecognized field "opIcon" (class com.bupt.smartta.model.SystemLog), not marked as ignorable (5 known properties: "detail", "status", "timestamp", "operation", "fileName"])
 at [Source: REDACTED (`StreamReadFeature.INCLUDE_SOURCE_IN_LOCATION` disabled); line: 7, column: 15] (through reference chain: java.util.ArrayList[0]->com.bupt.smartta.model.SystemLog["opIcon"])
[JsonFileStore] Also failed to read backup: Unrecognized field "opIcon" (class com.bupt.smartta.model.SystemLog), not marked as ignorable (5 known properties: "detail", "status", "timestamp", "operation", "fileName"])
 at [Source: REDACTED (`StreamReadFeature.INCLUDE_SOURCE_IN_LOCATION` disabled); line: 7, column: 15] (through reference chain: java.util.ArrayList[0]->com.bupt.smartta.model.SystemLog["opIcon"])
]]></system-err>
  </testcase>
  <testcase name="applicationsByPosition" classname="com.bupt.smartta.util.DataStoreTest" time="0.051">
    <system-out><![CDATA[[JsonFileStore] Restored positions.json from backup
[JsonFileStore] Restored system_logs.json from backup
[JsonFileStore] Restored positions.json from backup
[JsonFileStore] Restored system_logs.json from backup
]]></system-out>
    <system-err><![CDATA[[JsonFileStore] Failed to load positions.json: Unrecognized field "open" (class com.bupt.smartta.model.Position), not marked as ignorable (12 known properties: "requiredSkills", "hoursPerWeek", "filledSlots", "postedBy", "deadline", "name", "description", "code", "totalSlots", "postedAt", "postedByUsername", "status"])
 at [Source: REDACTED (`StreamReadFeature.INCLUDE_SOURCE_IN_LOCATION` disabled); line: 14, column: 16] (through reference chain: java.util.ArrayList[0]->com.bupt.smartta.model.Position["open"])
[JsonFileStore] Also failed to read backup: Unrecognized field "open" (class com.bupt.smartta.model.Position), not marked as ignorable (12 known properties: "requiredSkills", "hoursPerWeek", "filledSlots", "postedBy", "deadline", "name", "description", "code", "totalSlots", "postedAt", "postedByUsername", "status"])
 at [Source: REDACTED (`StreamReadFeature.INCLUDE_SOURCE_IN_LOCATION` disabled); line: 14, column: 16] (through reference chain: java.util.ArrayList[0]->com.bupt.smartta.model.Position["open"])
[JsonFileStore] Failed to load system_logs.json: Unrecognized field "opIcon" (class com.bupt.smartta.model.SystemLog), not marked as ignorable (5 known properties: "detail", "status", "timestamp", "operation", "fileName"])
 at [Source: REDACTED (`StreamReadFeature.INCLUDE_SOURCE_IN_LOCATION` disabled); line: 7, column: 15] (through reference chain: java.util.ArrayList[0]->com.bupt.smartta.model.SystemLog["opIcon"])
[JsonFileStore] Also failed to read backup: Unrecognized field "opIcon" (class com.bupt.smartta.model.SystemLog), not marked as ignorable (5 known properties: "detail", "status", "timestamp", "operation", "fileName"])
 at [Source: REDACTED (`StreamReadFeature.INCLUDE_SOURCE_IN_LOCATION` disabled); line: 7, column: 15] (through reference chain: java.util.ArrayList[0]->com.bupt.smartta.model.SystemLog["opIcon"])
[JsonFileStore] Failed to load positions.json: Unrecognized field "open" (class com.bupt.smartta.model.Position), not marked as ignorable (12 known properties: "requiredSkills", "hoursPerWeek", "filledSlots", "postedBy", "deadline", "name", "description", "code", "totalSlots", "postedAt", "postedByUsername", "status"])
 at [Source: REDACTED (`StreamReadFeature.INCLUDE_SOURCE_IN_LOCATION` disabled); line: 14, column: 16] (through reference chain: java.util.ArrayList[0]->com.bupt.smartta.model.Position["open"])
[JsonFileStore] Also failed to read backup: Unrecognized field "open" (class com.bupt.smartta.model.Position), not marked as ignorable (12 known properties: "requiredSkills", "hoursPerWeek", "filledSlots", "postedBy", "deadline", "name", "description", "code", "totalSlots", "postedAt", "postedByUsername", "status"])
 at [Source: REDACTED (`StreamReadFeature.INCLUDE_SOURCE_IN_LOCATION` disabled); line: 14, column: 16] (through reference chain: java.util.ArrayList[0]->com.bupt.smartta.model.Position["open"])
[JsonFileStore] Failed to load system_logs.json: Unrecognized field "opIcon" (class com.bupt.smartta.model.SystemLog), not marked as ignorable (5 known properties: "detail", "status", "timestamp", "operation", "fileName"])
 at [Source: REDACTED (`StreamReadFeature.INCLUDE_SOURCE_IN_LOCATION` disabled); line: 7, column: 15] (through reference chain: java.util.ArrayList[0]->com.bupt.smartta.model.SystemLog["opIcon"])
[JsonFileStore] Also failed to read backup: Unrecognized field "opIcon" (class com.bupt.smartta.model.SystemLog), not marked as ignorable (5 known properties: "detail", "status", "timestamp", "operation", "fileName"])
 at [Source: REDACTED (`StreamReadFeature.INCLUDE_SOURCE_IN_LOCATION` disabled); line: 7, column: 15] (through reference chain: java.util.ArrayList[0]->com.bupt.smartta.model.SystemLog["opIcon"])
]]></system-err>
  </testcase>
  <testcase name="workloadHours_roundTrip" classname="com.bupt.smartta.util.DataStoreTest" time="0.055">
    <system-out><![CDATA[[JsonFileStore] Restored positions.json from backup
[JsonFileStore] Restored system_logs.json from backup
[JsonFileStore] Restored positions.json from backup
[JsonFileStore] Restored system_logs.json from backup
]]></system-out>
    <system-err><![CDATA[[JsonFileStore] Failed to load positions.json: Unrecognized field "open" (class com.bupt.smartta.model.Position), not marked as ignorable (12 known properties: "requiredSkills", "hoursPerWeek", "filledSlots", "postedBy", "deadline", "name", "description", "code", "totalSlots", "postedAt", "postedByUsername", "status"])
 at [Source: REDACTED (`StreamReadFeature.INCLUDE_SOURCE_IN_LOCATION` disabled); line: 14, column: 16] (through reference chain: java.util.ArrayList[0]->com.bupt.smartta.model.Position["open"])
[JsonFileStore] Also failed to read backup: Unrecognized field "open" (class com.bupt.smartta.model.Position), not marked as ignorable (12 known properties: "requiredSkills", "hoursPerWeek", "filledSlots", "postedBy", "deadline", "name", "description", "code", "totalSlots", "postedAt", "postedByUsername", "status"])
 at [Source: REDACTED (`StreamReadFeature.INCLUDE_SOURCE_IN_LOCATION` disabled); line: 14, column: 16] (through reference chain: java.util.ArrayList[0]->com.bupt.smartta.model.Position["open"])
[JsonFileStore] Failed to load system_logs.json: Unrecognized field "opIcon" (class com.bupt.smartta.model.SystemLog), not marked as ignorable (5 known properties: "detail", "status", "timestamp", "operation", "fileName"])
 at [Source: REDACTED (`StreamReadFeature.INCLUDE_SOURCE_IN_LOCATION` disabled); line: 7, column: 15] (through reference chain: java.util.ArrayList[0]->com.bupt.smartta.model.SystemLog["opIcon"])
[JsonFileStore] Also failed to read backup: Unrecognized field "opIcon" (class com.bupt.smartta.model.SystemLog), not marked as ignorable (5 known properties: "detail", "status", "timestamp", "operation", "fileName"])
 at [Source: REDACTED (`StreamReadFeature.INCLUDE_SOURCE_IN_LOCATION` disabled); line: 7, column: 15] (through reference chain: java.util.ArrayList[0]->com.bupt.smartta.model.SystemLog["opIcon"])
[JsonFileStore] Failed to load positions.json: Unrecognized field "open" (class com.bupt.smartta.model.Position), not marked as ignorable (12 known properties: "requiredSkills", "hoursPerWeek", "filledSlots", "postedBy", "deadline", "name", "description", "code", "totalSlots", "postedAt", "postedByUsername", "status"])
 at [Source: REDACTED (`StreamReadFeature.INCLUDE_SOURCE_IN_LOCATION` disabled); line: 14, column: 16] (through reference chain: java.util.ArrayList[0]->com.bupt.smartta.model.Position["open"])
[JsonFileStore] Also failed to read backup: Unrecognized field "open" (class com.bupt.smartta.model.Position), not marked as ignorable (12 known properties: "requiredSkills", "hoursPerWeek", "filledSlots", "postedBy", "deadline", "name", "description", "code", "totalSlots", "postedAt", "postedByUsername", "status"])
 at [Source: REDACTED (`StreamReadFeature.INCLUDE_SOURCE_IN_LOCATION` disabled); line: 14, column: 16] (through reference chain: java.util.ArrayList[0]->com.bupt.smartta.model.Position["open"])
[JsonFileStore] Failed to load system_logs.json: Unrecognized field "opIcon" (class com.bupt.smartta.model.SystemLog), not marked as ignorable (5 known properties: "detail", "status", "timestamp", "operation", "fileName"])
 at [Source: REDACTED (`StreamReadFeature.INCLUDE_SOURCE_IN_LOCATION` disabled); line: 7, column: 15] (through reference chain: java.util.ArrayList[0]->com.bupt.smartta.model.SystemLog["opIcon"])
[JsonFileStore] Also failed to read backup: Unrecognized field "opIcon" (class com.bupt.smartta.model.SystemLog), not marked as ignorable (5 known properties: "detail", "status", "timestamp", "operation", "fileName"])
 at [Source: REDACTED (`StreamReadFeature.INCLUDE_SOURCE_IN_LOCATION` disabled); line: 7, column: 15] (through reference chain: java.util.ArrayList[0]->com.bupt.smartta.model.SystemLog["opIcon"])
]]></system-err>
  </testcase>
  <testcase name="getApplication_exactMatch" classname="com.bupt.smartta.util.DataStoreTest" time="0.076">
    <system-out><![CDATA[[JsonFileStore] Restored positions.json from backup
[JsonFileStore] Restored system_logs.json from backup
[JsonFileStore] Restored positions.json from backup
[JsonFileStore] Restored system_logs.json from backup
]]></system-out>
[...]
 at [Source: REDACTED (`StreamReadFeature.INCLUDE_SOURCE_IN_LOCATION` disabled); line: 14, column: 16] (through reference chain: java.util.ArrayList[0]->com.bupt.smartta.model.Position["open"])
[JsonFileStore] Also failed to read backup: Unrecognized field "open" (class com.bupt.smartta.model.Position), not marked as ignorable (12 known properties: "requiredSkills", "hoursPerWeek", "filledSlots", "postedBy", "deadline", "name", "description", "code", "totalSlots", "postedAt", "postedByUsername", "status"])
 at [Source: REDACTED (`StreamReadFeature.INCLUDE_SOURCE_IN_LOCATION` disabled); line: 14, column: 16] (through reference chain: java.util.ArrayList[0]->com.bupt.smartta.model.Position["open"])
[JsonFileStore] Failed to load system_logs.json: Unrecognized field "opIcon" (class com.bupt.smartta.model.SystemLog), not marked as ignorable (5 known properties: "detail", "status", "timestamp", "operation", "fileName"])
 at [Source: REDACTED (`StreamReadFeature.INCLUDE_SOURCE_IN_LOCATION` disabled); line: 7, column: 15] (through reference chain: java.util.ArrayList[0]->com.bupt.smartta.model.SystemLog["opIcon"])
[JsonFileStore] Also failed to read backup: Unrecognized field "opIcon" (class com.bupt.smartta.model.SystemLog), not marked as ignorable (5 known properties: "detail", "status", "timestamp", "operation", "fileName"])
 at [Source: REDACTED (`StreamReadFeature.INCLUDE_SOURCE_IN_LOCATION` disabled); line: 7, column: 15] (through reference chain: java.util.ArrayList[0]->com.bupt.smartta.model.SystemLog["opIcon"])
[JsonFileStore] Failed to load positions.json: Unrecognized field "open" (class com.bupt.smartta.model.Position), not marked as ignorable (12 known properties: "requiredSkills", "hoursPerWeek", "filledSlots", "postedBy", "deadline", "name", "description", "code", "totalSlots", "postedAt", "postedByUsername", "status"])
 at [Source: REDACTED (`StreamReadFeature.INCLUDE_SOURCE_IN_LOCATION` disabled); line: 14, column: 16] (through reference chain: java.util.ArrayList[0]->com.bupt.smartta.model.Position["open"])
[JsonFileStore] Also failed to read backup: Unrecognized field "open" (class com.bupt.smartta.model.Position), not marked as ignorable (12 known properties: "requiredSkills", "hoursPerWeek", "filledSlots", "postedBy", "deadline", "name", "description", "code", "totalSlots", "postedAt", "postedByUsername", "status"])
 at [Source: REDACTED (`StreamReadFeature.INCLUDE_SOURCE_IN_LOCATION` disabled); line: 14, column: 16] (through reference chain: java.util.ArrayList[0]->com.bupt.smartta.model.Position["open"])
[JsonFileStore] Failed to load system_logs.json: Unrecognized field "opIcon" (class com.bupt.smartta.model.SystemLog), not marked as ignorable (5 known properties: "detail", "status", "timestamp", "operation", "fileName"])
 at [Source: REDACTED (`StreamReadFeature.INCLUDE_SOURCE_IN_LOCATION` disabled); line: 7, column: 15] (through reference chain: java.util.ArrayList[0]->com.bupt.smartta.model.SystemLog["opIcon"])
[JsonFileStore] Also failed to read backup: Unrecognized field "opIcon" (class com.bupt.smartta.model.SystemLog), not marked as ignorable (5 known properties: "detail", "status", "timestamp", "operation", "fileName"])
 at [Source: REDACTED (`StreamReadFeature.INCLUDE_SOURCE_IN_LOCATION` disabled); line: 7, column: 15] (through reference chain: java.util.ArrayList[0]->com.bupt.smartta.model.SystemLog["opIcon"])
]]></system-err>
  </testcase>
  <testcase name="saveUser_newUser" classname="com.bupt.smartta.util.DataStoreTest" time="0.067">
    <system-out><![CDATA[[JsonFileStore] Restored positions.json from backup
[JsonFileStore] Restored system_logs.json from backup
[JsonFileStore] Restored positions.json from backup
[JsonFileStore] Restored system_logs.json from backup
]]></system-out>
    <system-err><![CDATA[[JsonFileStore] Failed to load positions.json: Unrecognized field "open" (class com.bupt.smartta.model.Position), not marked as ignorable (12 known properties: "requiredSkills", "hoursPerWeek", "filledSlots", "postedBy", "deadline", "name", "description", "code", "totalSlots", "postedAt", "postedByUsername", "status"])
 at [Source: REDACTED (`StreamReadFeature.INCLUDE_SOURCE_IN_LOCATION` disabled); line: 14, column: 16] (through reference chain: java.util.ArrayList[0]->com.bupt.smartta.model.Position["open"])
[JsonFileStore] Also failed to read backup: Unrecognized field "open" (class com.bupt.smartta.model.Position), not marked as ignorable (12 known properties: "requiredSkills", "hoursPerWeek", "filledSlots", "postedBy", "deadline", "name", "description", "code", "totalSlots", "postedAt", "postedByUsername", "status"])
 at [Source: REDACTED (`StreamReadFeature.INCLUDE_SOURCE_IN_LOCATION` disabled); line: 14, column: 16] (through reference chain: java.util.ArrayList[0]->com.bupt.smartta.model.Position["open"])
[JsonFileStore] Failed to load system_logs.json: Unrecognized field "opIcon" (class com.bupt.smartta.model.SystemLog), not marked as ignorable (5 known properties: "detail", "status", "timestamp", "operation", "fileName"])
 at [Source: REDACTED (`StreamReadFeature.INCLUDE_SOURCE_IN_LOCATION` disabled); line: 7, column: 15] (through reference chain: java.util.ArrayList[0]->com.bupt.smartta.model.SystemLog["opIcon"])
[JsonFileStore] Also failed to read backup: Unrecognized field "opIcon" (class com.bupt.smartta.model.SystemLog), not marked as ignorable (5 known properties: "detail", "status", "timestamp", "operation", "fileName"])
 at [Source: REDACTED (`StreamReadFeature.INCLUDE_SOURCE_IN_LOCATION` disabled); line: 7, column: 15] (through reference chain: java.util.ArrayList[0]->com.bupt.smartta.model.SystemLog["opIcon"])
[JsonFileStore] Failed to load positions.json: Unrecognized field "open" (class com.bupt.smartta.model.Position), not marked as ignorable (12 known properties: "requiredSkills", "hoursPerWeek", "filledSlots", "postedBy", "deadline", "name", "description", "code", "totalSlots", "postedAt", "postedByUsername", "status"])
 at [Source: REDACTED (`StreamReadFeature.INCLUDE_SOURCE_IN_LOCATION` disabled); line: 14, column: 16] (through reference chain: java.util.ArrayList[0]->com.bupt.smartta.model.Position["open"])
[JsonFileStore] Also failed to read backup: Unrecognized field "open" (class com.bupt.smartta.model.Position), not marked as ignorable (12 known properties: "requiredSkills", "hoursPerWeek", "filledSlots", "postedBy", "deadline", "name", "description", "code", "totalSlots", "postedAt", "postedByUsername", "status"])
 at [Source: REDACTED (`StreamReadFeature.INCLUDE_SOURCE_IN_LOCATION` disabled); line: 14, column: 16] (through reference chain: java.util.ArrayList[0]->com.bupt.smartta.model.Position["open"])
[JsonFileStore] Failed to load system_logs.json: Unrecognized field "opIcon" (class com.bupt.smartta.model.SystemLog), not marked as ignorable (5 known properties: "detail", "status", "timestamp", "operation", "fileName"])
 at [Source: REDACTED (`StreamReadFeature.INCLUDE_SOURCE_IN_LOCATION` disabled); line: 7, column: 15] (through reference chain: java.util.ArrayList[0]->com.bupt.smartta.model.SystemLog["opIcon"])
[JsonFileStore] Also failed to read backup: Unrecognized field "opIcon" (class com.bupt.smartta.model.SystemLog), not marked as ignorable (5 known properties: "detail", "status", "timestamp", "operation", "fileName"])
 at [Source: REDACTED (`StreamReadFeature.INCLUDE_SOURCE_IN_LOCATION` disabled); line: 7, column: 15] (through reference chain: java.util.ArrayList[0]->com.bupt.smartta.model.SystemLog["opIcon"])
]]></system-err>
  </testcase>
  <testcase name="getApplication_notFound" classname="com.bupt.smartta.util.DataStoreTest" time="0.054">
    <system-out><![CDATA[[JsonFileStore] Restored positions.json from backup
[JsonFileStore] Restored system_logs.json from backup
[JsonFileStore] Restored positions.json from backup
[JsonFileStore] Restored system_logs.json from backup
]]></system-out>
    <system-err><![CDATA[[JsonFileStore] Failed to load positions.json: Unrecognized field "open" (class com.bupt.smartta.model.Position), not marked as ignorable (12 known properties: "requiredSkills", "hoursPerWeek", "filledSlots", "postedBy", "deadline", "name", "description", "code", "totalSlots", "postedAt", "postedByUsername", "status"])
 at [Source: REDACTED (`StreamReadFeature.INCLUDE_SOURCE_IN_LOCATION` disabled); line: 14, column: 16] (through reference chain: java.util.ArrayList[0]->com.bupt.smartta.model.Position["open"])
[JsonFileStore] Also failed to read backup: Unrecognized field "open" (class com.bupt.smartta.model.Position), not marked as ignorable (12 known properties: "requiredSkills", "hoursPerWeek", "filledSlots", "postedBy", "deadline", "name", "description", "code", "totalSlots", "postedAt", "postedByUsername", "status"])
 at [Source: REDACTED (`StreamReadFeature.INCLUDE_SOURCE_IN_LOCATION` disabled); line: 14, column: 16] (through reference chain: java.util.ArrayList[0]->com.bupt.smartta.model.Position["open"])
[JsonFileStore] Failed to load system_logs.json: Unrecognized field "opIcon" (class com.bupt.smartta.model.SystemLog), not marked as ignorable (5 known properties: "detail", "status", "timestamp", "operation", "fileName"])
 at [Source: REDACTED (`StreamReadFeature.INCLUDE_SOURCE_IN_LOCATION` disabled); line: 7, column: 15] (through reference chain: java.util.ArrayList[0]->com.bupt.smartta.model.SystemLog["opIcon"])
[JsonFileStore] Also failed to read backup: Unrecognized field "opIcon" (class com.bupt.smartta.model.SystemLog), not marked as ignorable (5 known properties: "detail", "status", "timestamp", "operation", "fileName"])
 at [Source: REDACTED (`StreamReadFeature.INCLUDE_SOURCE_IN_LOCATION` disabled); line: 7, column: 15] (through reference chain: java.util.ArrayList[0]->com.bupt.smartta.model.SystemLog["opIcon"])
[JsonFileStore] Failed to load positions.json: Unrecognized field "open" (class com.bupt.smartta.model.Position), not marked as ignorable (12 known properties: "requiredSkills", "hoursPerWeek", "filledSlots", "postedBy", "deadline", "name", "description", "code", "totalSlots", "postedAt", "postedByUsername", "status"])
 at [Source: REDACTED (`StreamReadFeature.INCLUDE_SOURCE_IN_LOCATION` disabled); line: 14, column: 16] (through reference chain: java.util.ArrayList[0]->com.bupt.smartta.model.Position["open"])
[JsonFileStore] Also failed to read backup: Unrecognized field "open" (class com.bupt.smartta.model.Position), not marked as ignorable (12 known properties: "requiredSkills", "hoursPerWeek", "filledSlots", "postedBy", "deadline", "name", "description", "code", "totalSlots", "postedAt", "postedByUsername", "status"])
 at [Source: REDACTED (`StreamReadFeature.INCLUDE_SOURCE_IN_LOCATION` disabled); line: 14, column: 16] (through reference chain: java.util.ArrayList[0]->com.bupt.smartta.model.Position["open"])
[JsonFileStore] Failed to load system_logs.json: Unrecognized field "opIcon" (class com.bupt.smartta.model.SystemLog), not marked as ignorable (5 known properties: "detail", "status", "timestamp", "operation", "fileName"])
 at [Source: REDACTED (`StreamReadFeature.INCLUDE_SOURCE_IN_LOCATION` disabled); line: 7, column: 15] (through reference chain: java.util.ArrayList[0]->com.bupt.smartta.model.SystemLog["opIcon"])
[JsonFileStore] Also failed to read backup: Unrecognized field "opIcon" (class com.bupt.smartta.model.SystemLog), not marked as ignorable (5 known properties: "detail", "status", "timestamp", "operation", "fileName"])
 at [Source: REDACTED (`StreamReadFeature.INCLUDE_SOURCE_IN_LOCATION` disabled); line: 7, column: 15] (through reference chain: java.util.ArrayList[0]->com.bupt.smartta.model.SystemLog["opIcon"])
]]></system-err>
  </testcase>
  <testcase name="nullSafety" classname="com.bupt.smartta.util.DataStoreTest" time="0.05">
    <system-out><![CDATA[[JsonFileStore] Restored positions.json from backup
[JsonFileStore] Restored system_logs.json from backup
[JsonFileStore] Restored positions.json from backup
[JsonFileStore] Restored system_logs.json from backup
]]></system-out>
    <system-err><![CDATA[[JsonFileStore] Failed to load positions.json: Unrecognized field "open" (class com.bupt.smartta.model.Position), not marked as ignorable (12 known properties: "requiredSkills", "hoursPerWeek", "filledSlots", "postedBy", "deadline", "name", "description", "code", "totalSlots", "postedAt", "postedByUsername", "status"])
 at [Source: REDACTED (`StreamReadFeature.INCLUDE_SOURCE_IN_LOCATION` disabled); line: 14, column: 16] (through reference chain: java.util.ArrayList[0]->com.bupt.smartta.model.Position["open"])
[JsonFileStore] Also failed to read backup: Unrecognized field "open" (class com.bupt.smartta.model.Position), not marked as ignorable (12 known properties: "requiredSkills", "hoursPerWeek", "filledSlots", "postedBy", "deadline", "name", "description", "code", "totalSlots", "postedAt", "postedByUsername", "status"])
 at [Source: REDACTED (`StreamReadFeature.INCLUDE_SOURCE_IN_LOCATION` disabled); line: 14, column: 16] (through reference chain: java.util.ArrayList[0]->com.bupt.smartta.model.Position["open"])
[JsonFileStore] Failed to load system_logs.json: Unrecognized field "opIcon" (class com.bupt.smartta.model.SystemLog), not marked as ignorable (5 known properties: "detail", "status", "timestamp", "operation", "fileName"])
 at [Source: REDACTED (`StreamReadFeature.INCLUDE_SOURCE_IN_LOCATION` disabled); line: 7, column: 15] (through reference chain: java.util.ArrayList[0]->com.bupt.smartta.model.SystemLog["opIcon"])
[JsonFileStore] Also failed to read backup: Unrecognized field "opIcon" (class com.bupt.smartta.model.SystemLog), not marked as ignorable (5 known properties: "detail", "status", "timestamp", "operation", "fileName"])
 at [Source: REDACTED (`StreamReadFeature.INCLUDE_SOURCE_IN_LOCATION` disabled); line: 7, column: 15] (through reference chain: java.util.ArrayList[0]->com.bupt.smartta.model.SystemLog["opIcon"])
[JsonFileStore] Failed to load positions.json: Unrecognized field "open" (class com.bupt.smartta.model.Position), not marked as ignorable (12 known properties: "requiredSkills", "hoursPerWeek", "filledSlots", "postedBy", "deadline", "name", "description", "code", "totalSlots", "postedAt", "postedByUsername", "status"])
 at [Source: REDACTED (`StreamReadFeature.INCLUDE_SOURCE_IN_LOCATION` disabled); line: 14, column: 16] (through reference chain: java.util.ArrayList[0]->com.bupt.smartta.model.Position["open"])
[JsonFileStore] Also failed to read backup: Unrecognized field "open" (class com.bupt.smartta.model.Position), not marked as ignorable (12 known properties: "requiredSkills", "hoursPerWeek", "filledSlots", "postedBy", "deadline", "name", "description", "code", "totalSlots", "postedAt", "postedByUsername", "status"])
 at [Source: REDACTED (`StreamReadFeature.INCLUDE_SOURCE_IN_LOCATION` disabled); line: 14, column: 16] (through reference chain: java.util.ArrayList[0]->com.bupt.smartta.model.Position["open"])
[JsonFileStore] Failed to load system_logs.json: Unrecognized field "opIcon" (class com.bupt.smartta.model.SystemLog), not marked as ignorable (5 known properties: "detail", "status", "timestamp", "operation", "fileName"])
 at [Source: REDACTED (`StreamReadFeature.INCLUDE_SOURCE_IN_LOCATION` disabled); line: 7, column: 15] (through reference chain: java.util.ArrayList[0]->com.bupt.smartta.model.SystemLog["opIcon"])
[JsonFileStore] Also failed to read backup: Unrecognized field "opIcon" (class com.bupt.smartta.model.SystemLog), not marked as ignorable (5 known properties: "detail", "status", "timestamp", "operation", "fileName"])
 at [Source: REDACTED (`StreamReadFeature.INCLUDE_SOURCE_IN_LOCATION` disabled); line: 7, column: 15] (through reference chain: java.util.ArrayList[0]->com.bupt.smartta.model.SystemLog["opIcon"])
]]></system-err>
  </testcase>
  <testcase name="positionCodeExists_caseInsensitive" classname="com.bupt.smartta.util.DataStoreTest" time="0.051">
    <system-out><![CDATA[[JsonFileStore] Restored positions.json from backup
[JsonFileStore] Restored system_logs.json from backup
[JsonFileStore] Restored positions.json from backup
[JsonFileStore] Restored system_logs.json from backup
]]></system-out>
    <system-err><![CDATA[[JsonFileStore] Failed to load positions.json: Unrecognized field "open" (class com.bupt.smartta.model.Position), not marked as ignorable (12 known properties: "requiredSkills", "hoursPerWeek", "filledSlots", "postedBy", "deadline", "name", "description", "code", "totalSlots", "postedAt", "postedByUsername", "status"])
 at [Source: REDACTED (`StreamReadFeature.INCLUDE_SOURCE_IN_LOCATION` disabled); line: 14, column: 16] (through reference chain: java.util.ArrayList[0]->com.bupt.smartta.model.Position["open"])
[JsonFileStore] Also failed to read backup: Unrecognized field "open" (class com.bupt.smartta.model.Position), not marked as ignorable (12 known properties: "requiredSkills", "hoursPerWeek", "filledSlots", "postedBy", "deadline", "name", "description", "code", "totalSlots", "postedAt", "postedByUsername", "status"])
 at [Source: REDACTED (`StreamReadFeature.INCLUDE_SOURCE_IN_LOCATION` disabled); line: 14, column: 16] (through reference chain: java.util.ArrayList[0]->com.bupt.smartta.model.Position["open"])
[JsonFileStore] Failed to load system_logs.json: Unrecognized field "opIcon" (class com.bupt.smartta.model.SystemLog), not marked as ignorable (5 known properties: "detail", "status", "timestamp", "operation", "fileName"])
 at [Source: REDACTED (`StreamReadFeature.INCLUDE_SOURCE_IN_LOCATION` disabled); line: 7, column: 15] (through reference chain: java.util.ArrayList[0]->com.bupt.smartta.model.SystemLog["opIcon"])
[JsonFileStore] Also failed to read backup: Unrecognized field "opIcon" (class com.bupt.smartta.model.SystemLog), not marked as ignorable (5 known properties: "detail", "status", "timestamp", "operation", "fileName"])
 at [Source: REDACTED (`StreamReadFeature.INCLUDE_SOURCE_IN_LOCATION` disabled); line: 7, column: 15] (through reference chain: java.util.ArrayList[0]->com.bupt.smartta.model.SystemLog["opIcon"])
[JsonFileStore] Failed to load positions.json: Unrecognized field "open" (class com.bupt.smartta.model.Position), not marked as ignorable (12 known properties: "requiredSkills", "hoursPerWeek", "filledSlots", "postedBy", "deadline", "name", "description", "code", "totalSlots", "postedAt", "postedByUsername", "status"])
 at [Source: REDACTED (`StreamReadFeature.INCLUDE_SOURCE_IN_LOCATION` disabled); line: 14, column: 16] (through reference chain: java.util.ArrayList[0]->com.bupt.smartta.model.Position["open"])
[JsonFileStore] Also failed to read backup: Unrecognized field "open" (class com.bupt.smartta.model.Position), not marked as ignorable (12 known properties: "requiredSkills", "hoursPerWeek", "filledSlots", "postedBy", "deadline", "name", "description", "code", "totalSlots", "postedAt", "postedByUsername", "status"])
 at [Source: REDACTED (`StreamReadFeature.INCLUDE_SOURCE_IN_LOCATION` disabled); line: 14, column: 16] (through reference chain: java.util.ArrayList[0]->com.bupt.smartta.model.Position["open"])
[JsonFileStore] Failed to load system_logs.json: Unrecognized field "opIcon" (class com.bupt.smartta.model.SystemLog), not marked as ignorable (5 known properties: "detail", "status", "timestamp", "operation", "fileName"])
 at [Source: REDACTED (`StreamReadFeature.INCLUDE_SOURCE_IN_LOCATION` disabled); line: 7, column: 15] (through reference chain: java.util.ArrayList[0]->com.bupt.smartta.model.SystemLog["opIcon"])
[JsonFileStore] Also failed to read backup: Unrecognized field "opIcon" (class com.bupt.smartta.model.SystemLog), not marked as ignorable (5 known properties: "detail", "status", "timestamp", "operation", "fileName"])
 at [Source: REDACTED (`StreamReadFeature.INCLUDE_SOURCE_IN_LOCATION` disabled); line: 7, column: 15] (through reference chain: java.util.ArrayList[0]->com.bupt.smartta.model.SystemLog["opIcon"])
]]></system-err>
  </testcase>
</testsuite>